INST simple_io__GC0 PIN 31: INST NON_GENOME PIN 17 TYPE 5
INST simple_io__GC0 PIN 32: INST NON_GENOME PIN 21 TYPE 5
INST simple_io__GC0 PIN 33: INST NON_GENOME PIN 16 TYPE 5
INST simple_io__GC0 PIN 34: INST NON_GENOME PIN 20 TYPE 5
INST simple_io__GC0 PIN 35: INST NON_GENOME PIN 25 TYPE 5
INST simple_io__GC0 PIN 36: INST NON_GENOME PIN 29 TYPE 5
INST simple_io__GC0 PIN 37: INST NON_GENOME PIN 24 TYPE 5
INST simple_io__GC0 PIN 38: INST NON_GENOME PIN 28 TYPE 5
INST core__GC0 PIN 1: INST cic_array__GB0 PIN 6168 TYPE 0 INST cic_array__GB7 PIN 919 TYPE 0 INST cic_array__GB9 PIN 259 TYPE 0 INST cic_array__GB10 PIN 6168 TYPE 0 INST cic_array__GB14 PIN 489 TYPE 0 INST cic_array__GB20 PIN 561 TYPE 0 INST cic_array__GB25 PIN 666 TYPE 0 GENOME core__GC0 PIN 1
INST core__GC0 PIN 13: INST cic_array__GB0 PIN 6182 TYPE 0 INST cic_array__GB1 PIN 246 TYPE 0 INST cic_array__GB2 PIN 294 TYPE 0 INST cic_array__GB3 PIN 342 TYPE 0 INST cic_array__GB4 PIN 438 TYPE 0 INST cic_array__GB5 PIN 582 TYPE 0 INST cic_array__GB6 PIN 726 TYPE 0 INST cic_array__GB7 PIN 933 TYPE 0 INST cic_array__GB8 PIN 870 TYPE 0 INST cic_array__GB9 PIN 273 TYPE 0 INST cic_array__GB10 PIN 6182 TYPE 0 INST cic_array__GB11 PIN 246 TYPE 0 INST cic_array__GB12 PIN 294 TYPE 0 INST cic_array__GB13 PIN 390 TYPE 0 INST cic_array__GB14 PIN 503 TYPE 0 INST cic_array__GB15 PIN 774 TYPE 0 INST cic_array__GB16 PIN 246 TYPE 0 INST cic_array__GB17 PIN 294 TYPE 0 INST cic_array__GB18 PIN 342 TYPE 0 INST cic_array__GB19 PIN 438 TYPE 0 INST cic_array__GB20 PIN 575 TYPE 0 INST cic_array__GB21 PIN 966 TYPE 0 INST cic_array__GB22 PIN 246 TYPE 0 INST cic_array__GB23 PIN 342 TYPE 0 INST cic_array__GB24 PIN 438 TYPE 0 INST cic_array__GB25 PIN 728 TYPE 0 GENOME core__GC0 PIN 13
INST core__GC0 PIN 15: GENOME core__GC0 PIN 15
INST core__GC0 PIN 16: GENOME core__GC0 PIN 16
INST cic_array__GB9 PIN 259: GENOME cic_array__GB9 PIN 259
INST cic_array__GB9 PIN 273: GENOME cic_array__GB9 PIN 273
INST cic_array__GB23 PIN 342: GENOME cic_array__GB23 PIN 342
INST cic_array__GB22 PIN 246: GENOME cic_array__GB22 PIN 246
INST cic_array__GB18 PIN 342: GENOME cic_array__GB18 PIN 342
INST cic_array__GB17 PIN 294: GENOME cic_array__GB17 PIN 294
INST cic_array__GB16 PIN 246: GENOME cic_array__GB16 PIN 246
INST cic_array__GB13 PIN 390: GENOME cic_array__GB13 PIN 390
INST cic_array__GB12 PIN 294: GENOME cic_array__GB12 PIN 294
INST cic_array__GB11 PIN 246: GENOME cic_array__GB11 PIN 246
INST cic_array__GB3 PIN 342: GENOME cic_array__GB3 PIN 342
INST cic_array__GB2 PIN 294: GENOME cic_array__GB2 PIN 294
INST cic_array__GB1 PIN 246: GENOME cic_array__GB1 PIN 246
INST cic_array__GB13 PIN 311: INST cic_array__GB10 PIN 551 TYPE 0 GENOME cic_array__GB13 PIN 311
INST cic_array__GB13 PIN 263: INST cic_array__GB10 PIN 575 TYPE 0 GENOME cic_array__GB13 PIN 263
INST cic_array__GB13 PIN 215: INST cic_array__GB10 PIN 599 TYPE 0 GENOME cic_array__GB13 PIN 215
INST cic_array__GB13 PIN 167: INST cic_array__GB10 PIN 623 TYPE 0 GENOME cic_array__GB13 PIN 167
INST cic_array__GB13 PIN 119: INST cic_array__GB10 PIN 647 TYPE 0 GENOME cic_array__GB13 PIN 119
INST cic_array__GB13 PIN 71: INST cic_array__GB10 PIN 671 TYPE 0 GENOME cic_array__GB13 PIN 71
INST cic_array__GB13 PIN 23: INST cic_array__GB10 PIN 695 TYPE 0 GENOME cic_array__GB13 PIN 23
INST cic_array__GB12 PIN 167: INST cic_array__GB10 PIN 719 TYPE 0 GENOME cic_array__GB12 PIN 167
INST cic_array__GB12 PIN 23: INST cic_array__GB10 PIN 743 TYPE 0 GENOME cic_array__GB12 PIN 23
INST cic_array__GB12 PIN 71: INST cic_array__GB10 PIN 767 TYPE 0 GENOME cic_array__GB12 PIN 71
INST cic_array__GB12 PIN 119: INST cic_array__GB10 PIN 791 TYPE 0 GENOME cic_array__GB12 PIN 119
INST cic_array__GB13 PIN 359: INST cic_array__GB10 PIN 815 TYPE 0 GENOME cic_array__GB13 PIN 359
INST cic_array__GB12 PIN 215: INST cic_array__GB10 PIN 839 TYPE 0 GENOME cic_array__GB12 PIN 215
INST cic_array__GB11 PIN 167: INST cic_array__GB10 PIN 863 TYPE 0 GENOME cic_array__GB11 PIN 167
INST cic_array__GB11 PIN 119: INST cic_array__GB10 PIN 887 TYPE 0 GENOME cic_array__GB11 PIN 119
INST cic_array__GB11 PIN 23: INST cic_array__GB10 PIN 911 TYPE 0 GENOME cic_array__GB11 PIN 23
INST cic_array__GB11 PIN 71: INST cic_array__GB10 PIN 935 TYPE 0 GENOME cic_array__GB11 PIN 71
INST cic_array__GB12 PIN 263: INST cic_array__GB10 PIN 959 TYPE 0 GENOME cic_array__GB12 PIN 263
INST cic_array__GB11 PIN 215: INST cic_array__GB10 PIN 983 TYPE 0 GENOME cic_array__GB11 PIN 215
INST cic_array__GB23 PIN 311: INST cic_array__GB10 PIN 2159 TYPE 0 GENOME cic_array__GB23 PIN 311
INST cic_array__GB23 PIN 263: INST cic_array__GB10 PIN 2183 TYPE 0 GENOME cic_array__GB23 PIN 263
INST cic_array__GB23 PIN 215: INST cic_array__GB10 PIN 2207 TYPE 0 GENOME cic_array__GB23 PIN 215
INST cic_array__GB23 PIN 167: INST cic_array__GB10 PIN 2231 TYPE 0 GENOME cic_array__GB23 PIN 167
INST cic_array__GB23 PIN 119: INST cic_array__GB10 PIN 2255 TYPE 0 GENOME cic_array__GB23 PIN 119
INST cic_array__GB23 PIN 71: INST cic_array__GB10 PIN 2279 TYPE 0 GENOME cic_array__GB23 PIN 71
INST cic_array__GB23 PIN 23: INST cic_array__GB10 PIN 2303 TYPE 0 GENOME cic_array__GB23 PIN 23
INST cic_array__GB18 PIN 215: INST cic_array__GB10 PIN 2327 TYPE 0 GENOME cic_array__GB18 PIN 215
INST cic_array__GB18 PIN 167: INST cic_array__GB10 PIN 2351 TYPE 0 GENOME cic_array__GB18 PIN 167
INST cic_array__GB22 PIN 215: INST cic_array__GB10 PIN 2375 TYPE 0 GENOME cic_array__GB22 PIN 215
INST cic_array__GB22 PIN 167: INST cic_array__GB10 PIN 2399 TYPE 0 GENOME cic_array__GB22 PIN 167
INST cic_array__GB22 PIN 119: INST cic_array__GB10 PIN 2423 TYPE 0 GENOME cic_array__GB22 PIN 119
INST cic_array__GB22 PIN 71: INST cic_array__GB10 PIN 2447 TYPE 0 GENOME cic_array__GB22 PIN 71
INST cic_array__GB22 PIN 23: INST cic_array__GB10 PIN 2471 TYPE 0 GENOME cic_array__GB22 PIN 23
INST cic_array__GB18 PIN 119: INST cic_array__GB10 PIN 2615 TYPE 0 GENOME cic_array__GB18 PIN 119
INST cic_array__GB18 PIN 71: INST cic_array__GB10 PIN 3023 TYPE 0 GENOME cic_array__GB18 PIN 71
INST cic_array__GB18 PIN 263: INST cic_array__GB10 PIN 3071 TYPE 0 GENOME cic_array__GB18 PIN 263
INST cic_array__GB18 PIN 311: INST cic_array__GB10 PIN 3095 TYPE 0 GENOME cic_array__GB18 PIN 311
INST cic_array__GB18 PIN 23: INST cic_array__GB10 PIN 3119 TYPE 0 GENOME cic_array__GB18 PIN 23
INST cic_array__GB17 PIN 263: INST cic_array__GB10 PIN 3143 TYPE 0 GENOME cic_array__GB17 PIN 263
INST cic_array__GB17 PIN 215: INST cic_array__GB10 PIN 3167 TYPE 0 GENOME cic_array__GB17 PIN 215
INST cic_array__GB17 PIN 167: INST cic_array__GB10 PIN 3191 TYPE 0 GENOME cic_array__GB17 PIN 167
INST cic_array__GB17 PIN 119: INST cic_array__GB10 PIN 3215 TYPE 0 GENOME cic_array__GB17 PIN 119
INST cic_array__GB17 PIN 71: INST cic_array__GB10 PIN 3239 TYPE 0 GENOME cic_array__GB17 PIN 71
INST cic_array__GB17 PIN 23: INST cic_array__GB10 PIN 3575 TYPE 0 GENOME cic_array__GB17 PIN 23
INST cic_array__GB16 PIN 215: INST cic_array__GB10 PIN 3599 TYPE 0 GENOME cic_array__GB16 PIN 215
INST cic_array__GB16 PIN 167: INST cic_array__GB10 PIN 3623 TYPE 0 GENOME cic_array__GB16 PIN 167
INST cic_array__GB16 PIN 119: INST cic_array__GB10 PIN 3647 TYPE 0 GENOME cic_array__GB16 PIN 119
INST cic_array__GB16 PIN 71: INST cic_array__GB10 PIN 3671 TYPE 0 GENOME cic_array__GB16 PIN 71
INST cic_array__GB16 PIN 23: INST cic_array__GB10 PIN 3695 TYPE 0 GENOME cic_array__GB16 PIN 23
INST cic_array__GB9 PIN 27: INST cic_array__GB10 PIN 4319 TYPE 0 GENOME cic_array__GB9 PIN 27
INST cic_array__GB9 PIN 75: INST cic_array__GB10 PIN 4343 TYPE 0 GENOME cic_array__GB9 PIN 75
INST cic_array__GB9 PIN 123: INST cic_array__GB10 PIN 4367 TYPE 0 GENOME cic_array__GB9 PIN 123
INST cic_array__GB9 PIN 171: INST cic_array__GB10 PIN 4391 TYPE 0 GENOME cic_array__GB9 PIN 171
INST cic_array__GB3 PIN 23: INST cic_array__GB10 PIN 5183 TYPE 0 GENOME cic_array__GB3 PIN 23
INST cic_array__GB3 PIN 263: INST cic_array__GB10 PIN 5231 TYPE 0 GENOME cic_array__GB3 PIN 263
INST cic_array__GB3 PIN 215: INST cic_array__GB10 PIN 5255 TYPE 0 GENOME cic_array__GB3 PIN 215
INST cic_array__GB3 PIN 167: INST cic_array__GB10 PIN 5279 TYPE 0 GENOME cic_array__GB3 PIN 167
INST cic_array__GB3 PIN 119: INST cic_array__GB10 PIN 5303 TYPE 0 GENOME cic_array__GB3 PIN 119
INST cic_array__GB3 PIN 71: INST cic_array__GB10 PIN 5327 TYPE 0 GENOME cic_array__GB3 PIN 71
INST cic_array__GB2 PIN 167: INST cic_array__GB10 PIN 5351 TYPE 0 GENOME cic_array__GB2 PIN 167
INST cic_array__GB2 PIN 215: INST cic_array__GB10 PIN 5375 TYPE 0 GENOME cic_array__GB2 PIN 215
INST cic_array__GB2 PIN 263: INST cic_array__GB10 PIN 5399 TYPE 0 GENOME cic_array__GB2 PIN 263
INST cic_array__GB3 PIN 311: INST cic_array__GB10 PIN 5423 TYPE 0 GENOME cic_array__GB3 PIN 311
INST cic_array__GB2 PIN 119: INST cic_array__GB10 PIN 5447 TYPE 0 GENOME cic_array__GB2 PIN 119
INST cic_array__GB2 PIN 71: INST cic_array__GB10 PIN 5471 TYPE 0 GENOME cic_array__GB2 PIN 71
INST cic_array__GB2 PIN 23: INST cic_array__GB10 PIN 5495 TYPE 0 GENOME cic_array__GB2 PIN 23
INST cic_array__GB1 PIN 215: INST cic_array__GB10 PIN 5519 TYPE 0 GENOME cic_array__GB1 PIN 215
INST cic_array__GB9 PIN 233: INST cic_array__GB10 PIN 5735 TYPE 0 GENOME cic_array__GB9 PIN 233
INST cic_array__GB1 PIN 167: INST cic_array__GB10 PIN 5759 TYPE 0 GENOME cic_array__GB1 PIN 167
INST cic_array__GB1 PIN 119: INST cic_array__GB10 PIN 5783 TYPE 0 GENOME cic_array__GB1 PIN 119
INST cic_array__GB1 PIN 71: INST cic_array__GB10 PIN 5807 TYPE 0 GENOME cic_array__GB1 PIN 71
INST cic_array__GB1 PIN 23: INST cic_array__GB10 PIN 5831 TYPE 0 GENOME cic_array__GB1 PIN 23
