INFO: [VRFC 10-2263] Analyzing Verilog file "C:/Users/arg/Documents/GitHub/FPGA/First_Project/First_Project.sim/sim_1/impl/func/xsim/testbench_top_level_func_impl.v" into library xil_defaultlib
INFO: [VRFC 10-311] analyzing module big_bram
INFO: [VRFC 10-311] analyzing module big_bram_HD104
INFO: [VRFC 10-311] analyzing module big_bram_HD111
INFO: [VRFC 10-311] analyzing module big_bram_HD118
INFO: [VRFC 10-311] analyzing module big_bram_HD125
INFO: [VRFC 10-311] analyzing module big_bram_HD132
INFO: [VRFC 10-311] analyzing module big_bram_HD139
INFO: [VRFC 10-311] analyzing module big_bram_HD146
INFO: [VRFC 10-311] analyzing module big_bram_HD153
INFO: [VRFC 10-311] analyzing module big_bram_HD160
INFO: [VRFC 10-311] analyzing module big_bram_HD167
INFO: [VRFC 10-311] analyzing module big_bram_HD174
INFO: [VRFC 10-311] analyzing module big_bram_HD181
INFO: [VRFC 10-311] analyzing module big_bram_HD188
INFO: [VRFC 10-311] analyzing module big_bram_HD195
INFO: [VRFC 10-311] analyzing module big_bram_HD202
INFO: [VRFC 10-311] analyzing module big_bram_HD209
INFO: [VRFC 10-311] analyzing module big_bram_HD216
INFO: [VRFC 10-311] analyzing module big_bram_HD223
INFO: [VRFC 10-311] analyzing module big_bram_HD230
INFO: [VRFC 10-311] analyzing module big_bram_HD237
INFO: [VRFC 10-311] analyzing module big_bram_HD244
INFO: [VRFC 10-311] analyzing module big_bram_HD251
INFO: [VRFC 10-311] analyzing module big_bram_HD258
INFO: [VRFC 10-311] analyzing module big_bram_HD265
INFO: [VRFC 10-311] analyzing module big_bram_HD55
INFO: [VRFC 10-311] analyzing module big_bram_HD62
INFO: [VRFC 10-311] analyzing module big_bram_HD69
INFO: [VRFC 10-311] analyzing module big_bram_HD76
INFO: [VRFC 10-311] analyzing module big_bram_HD83
INFO: [VRFC 10-311] analyzing module big_bram_HD90
INFO: [VRFC 10-311] analyzing module big_bram_HD97
INFO: [VRFC 10-311] analyzing module big_ram
INFO: [VRFC 10-311] analyzing module big_ram__xdcDup__1
INFO: [VRFC 10-311] analyzing module blk_mem_gen_1
INFO: [VRFC 10-311] analyzing module blk_mem_gen_10
INFO: [VRFC 10-311] analyzing module blk_mem_gen_11
INFO: [VRFC 10-311] analyzing module blk_mem_gen_12
INFO: [VRFC 10-311] analyzing module blk_mem_gen_13
INFO: [VRFC 10-311] analyzing module blk_mem_gen_14
INFO: [VRFC 10-311] analyzing module blk_mem_gen_15
INFO: [VRFC 10-311] analyzing module blk_mem_gen_16
INFO: [VRFC 10-311] analyzing module blk_mem_gen_2
INFO: [VRFC 10-311] analyzing module blk_mem_gen_3
INFO: [VRFC 10-311] analyzing module blk_mem_gen_4
INFO: [VRFC 10-311] analyzing module blk_mem_gen_5
INFO: [VRFC 10-311] analyzing module blk_mem_gen_6
INFO: [VRFC 10-311] analyzing module blk_mem_gen_7
INFO: [VRFC 10-311] analyzing module blk_mem_gen_8
INFO: [VRFC 10-311] analyzing module blk_mem_gen_9
INFO: [VRFC 10-311] analyzing module clk_wiz_0
INFO: [VRFC 10-311] analyzing module clk_wiz_0_clk_wiz
INFO: [VRFC 10-311] analyzing module fifo_generator_0
INFO: [VRFC 10-311] analyzing module fifo_generator_0_HD2
INFO: [VRFC 10-311] analyzing module fifo_generator_0_xpm_cdc_gray
INFO: [VRFC 10-311] analyzing module fifo_generator_0_xpm_cdc_gray__2
INFO: [VRFC 10-311] analyzing module fifo_generator_0_xpm_cdc_gray__2_HD9
INFO: [VRFC 10-311] analyzing module frame_buffer
INFO: [VRFC 10-311] analyzing module i2s_bus
INFO: [VRFC 10-311] analyzing module i2s_bus_0
INFO: [VRFC 10-311] analyzing module managed_stream_ram
INFO: [VRFC 10-311] analyzing module managed_stream_ram__xdcDup__1
INFO: [VRFC 10-311] analyzing module managed_stream_ram__xdcDup__10
INFO: [VRFC 10-311] analyzing module managed_stream_ram__xdcDup__11
INFO: [VRFC 10-311] analyzing module managed_stream_ram__xdcDup__12
INFO: [VRFC 10-311] analyzing module managed_stream_ram__xdcDup__13
INFO: [VRFC 10-311] analyzing module managed_stream_ram__xdcDup__14
INFO: [VRFC 10-311] analyzing module managed_stream_ram__xdcDup__15
INFO: [VRFC 10-311] analyzing module managed_stream_ram__xdcDup__16
INFO: [VRFC 10-311] analyzing module managed_stream_ram__xdcDup__17
INFO: [VRFC 10-311] analyzing module managed_stream_ram__xdcDup__18
INFO: [VRFC 10-311] analyzing module managed_stream_ram__xdcDup__19
INFO: [VRFC 10-311] analyzing module managed_stream_ram__xdcDup__2
INFO: [VRFC 10-311] analyzing module managed_stream_ram__xdcDup__20
INFO: [VRFC 10-311] analyzing module managed_stream_ram__xdcDup__21
INFO: [VRFC 10-311] analyzing module managed_stream_ram__xdcDup__22
INFO: [VRFC 10-311] analyzing module managed_stream_ram__xdcDup__23
INFO: [VRFC 10-311] analyzing module managed_stream_ram__xdcDup__24
INFO: [VRFC 10-311] analyzing module managed_stream_ram__xdcDup__25
INFO: [VRFC 10-311] analyzing module managed_stream_ram__xdcDup__26
INFO: [VRFC 10-311] analyzing module managed_stream_ram__xdcDup__27
INFO: [VRFC 10-311] analyzing module managed_stream_ram__xdcDup__28
INFO: [VRFC 10-311] analyzing module managed_stream_ram__xdcDup__29
INFO: [VRFC 10-311] analyzing module managed_stream_ram__xdcDup__3
INFO: [VRFC 10-311] analyzing module managed_stream_ram__xdcDup__30
INFO: [VRFC 10-311] analyzing module managed_stream_ram__xdcDup__31
INFO: [VRFC 10-311] analyzing module managed_stream_ram__xdcDup__4
INFO: [VRFC 10-311] analyzing module managed_stream_ram__xdcDup__5
INFO: [VRFC 10-311] analyzing module managed_stream_ram__xdcDup__6
INFO: [VRFC 10-311] analyzing module managed_stream_ram__xdcDup__7
INFO: [VRFC 10-311] analyzing module managed_stream_ram__xdcDup__8
INFO: [VRFC 10-311] analyzing module managed_stream_ram__xdcDup__9
INFO: [VRFC 10-311] analyzing module mux_shift
INFO: [VRFC 10-311] analyzing module mux_shift_1
INFO: [VRFC 10-311] analyzing module mux_shift_10
INFO: [VRFC 10-311] analyzing module mux_shift_11
INFO: [VRFC 10-311] analyzing module mux_shift_12
INFO: [VRFC 10-311] analyzing module mux_shift_13
INFO: [VRFC 10-311] analyzing module mux_shift_14
INFO: [VRFC 10-311] analyzing module mux_shift_15
INFO: [VRFC 10-311] analyzing module mux_shift_16
INFO: [VRFC 10-311] analyzing module mux_shift_17
INFO: [VRFC 10-311] analyzing module mux_shift_18
INFO: [VRFC 10-311] analyzing module mux_shift_19
INFO: [VRFC 10-311] analyzing module mux_shift_2
INFO: [VRFC 10-311] analyzing module mux_shift_20
INFO: [VRFC 10-311] analyzing module mux_shift_21
INFO: [VRFC 10-311] analyzing module mux_shift_22
INFO: [VRFC 10-311] analyzing module mux_shift_23
INFO: [VRFC 10-311] analyzing module mux_shift_24
INFO: [VRFC 10-311] analyzing module mux_shift_25
INFO: [VRFC 10-311] analyzing module mux_shift_26
INFO: [VRFC 10-311] analyzing module mux_shift_27
INFO: [VRFC 10-311] analyzing module mux_shift_28
INFO: [VRFC 10-311] analyzing module mux_shift_29
INFO: [VRFC 10-311] analyzing module mux_shift_3
INFO: [VRFC 10-311] analyzing module mux_shift_30
INFO: [VRFC 10-311] analyzing module mux_shift_31
INFO: [VRFC 10-311] analyzing module mux_shift_32
INFO: [VRFC 10-311] analyzing module mux_shift_33
INFO: [VRFC 10-311] analyzing module mux_shift_34
INFO: [VRFC 10-311] analyzing module mux_shift_35
INFO: [VRFC 10-311] analyzing module mux_shift_36
INFO: [VRFC 10-311] analyzing module mux_shift_37
INFO: [VRFC 10-311] analyzing module mux_shift_38
INFO: [VRFC 10-311] analyzing module mux_shift_39
INFO: [VRFC 10-311] analyzing module mux_shift_4
INFO: [VRFC 10-311] analyzing module mux_shift_40
INFO: [VRFC 10-311] analyzing module mux_shift_41
INFO: [VRFC 10-311] analyzing module mux_shift_42
INFO: [VRFC 10-311] analyzing module mux_shift_43
INFO: [VRFC 10-311] analyzing module mux_shift_44
INFO: [VRFC 10-311] analyzing module mux_shift_45
INFO: [VRFC 10-311] analyzing module mux_shift_46
INFO: [VRFC 10-311] analyzing module mux_shift_47
INFO: [VRFC 10-311] analyzing module mux_shift_48
INFO: [VRFC 10-311] analyzing module mux_shift_49
INFO: [VRFC 10-311] analyzing module mux_shift_5
INFO: [VRFC 10-311] analyzing module mux_shift_50
INFO: [VRFC 10-311] analyzing module mux_shift_51
INFO: [VRFC 10-311] analyzing module mux_shift_52
INFO: [VRFC 10-311] analyzing module mux_shift_53
INFO: [VRFC 10-311] analyzing module mux_shift_54
INFO: [VRFC 10-311] analyzing module mux_shift_55
INFO: [VRFC 10-311] analyzing module mux_shift_56
INFO: [VRFC 10-311] analyzing module mux_shift_57
INFO: [VRFC 10-311] analyzing module mux_shift_58
INFO: [VRFC 10-311] analyzing module mux_shift_59
INFO: [VRFC 10-311] analyzing module mux_shift_6
INFO: [VRFC 10-311] analyzing module mux_shift_60
INFO: [VRFC 10-311] analyzing module mux_shift_61
INFO: [VRFC 10-311] analyzing module mux_shift_62
INFO: [VRFC 10-311] analyzing module mux_shift_7
INFO: [VRFC 10-311] analyzing module mux_shift_8
INFO: [VRFC 10-311] analyzing module mux_shift_9
INFO: [VRFC 10-311] analyzing module rom
INFO: [VRFC 10-311] analyzing module simple_io
INFO: [VRFC 10-311] analyzing module uart_tx
INFO: [VRFC 10-311] analyzing module big_bram_blk_mem_gen_generic_cstr
INFO: [VRFC 10-311] analyzing module big_bram_blk_mem_gen_generic_cstr_HD101
INFO: [VRFC 10-311] analyzing module big_bram_blk_mem_gen_generic_cstr_HD108
INFO: [VRFC 10-311] analyzing module big_bram_blk_mem_gen_generic_cstr_HD115
INFO: [VRFC 10-311] analyzing module big_bram_blk_mem_gen_generic_cstr_HD122
INFO: [VRFC 10-311] analyzing module big_bram_blk_mem_gen_generic_cstr_HD129
INFO: [VRFC 10-311] analyzing module big_bram_blk_mem_gen_generic_cstr_HD136
INFO: [VRFC 10-311] analyzing module big_bram_blk_mem_gen_generic_cstr_HD143
INFO: [VRFC 10-311] analyzing module big_bram_blk_mem_gen_generic_cstr_HD150
INFO: [VRFC 10-311] analyzing module big_bram_blk_mem_gen_generic_cstr_HD157
INFO: [VRFC 10-311] analyzing module big_bram_blk_mem_gen_generic_cstr_HD164
INFO: [VRFC 10-311] analyzing module big_bram_blk_mem_gen_generic_cstr_HD171
INFO: [VRFC 10-311] analyzing module big_bram_blk_mem_gen_generic_cstr_HD178
INFO: [VRFC 10-311] analyzing module big_bram_blk_mem_gen_generic_cstr_HD185
INFO: [VRFC 10-311] analyzing module big_bram_blk_mem_gen_generic_cstr_HD192
INFO: [VRFC 10-311] analyzing module big_bram_blk_mem_gen_generic_cstr_HD199
INFO: [VRFC 10-311] analyzing module big_bram_blk_mem_gen_generic_cstr_HD206
INFO: [VRFC 10-311] analyzing module big_bram_blk_mem_gen_generic_cstr_HD213
INFO: [VRFC 10-311] analyzing module big_bram_blk_mem_gen_generic_cstr_HD220
INFO: [VRFC 10-311] analyzing module big_bram_blk_mem_gen_generic_cstr_HD227
INFO: [VRFC 10-311] analyzing module big_bram_blk_mem_gen_generic_cstr_HD234
INFO: [VRFC 10-311] analyzing module big_bram_blk_mem_gen_generic_cstr_HD241
INFO: [VRFC 10-311] analyzing module big_bram_blk_mem_gen_generic_cstr_HD248
INFO: [VRFC 10-311] analyzing module big_bram_blk_mem_gen_generic_cstr_HD255
INFO: [VRFC 10-311] analyzing module big_bram_blk_mem_gen_generic_cstr_HD262
INFO: [VRFC 10-311] analyzing module big_bram_blk_mem_gen_generic_cstr_HD269
INFO: [VRFC 10-311] analyzing module big_bram_blk_mem_gen_generic_cstr_HD59
INFO: [VRFC 10-311] analyzing module big_bram_blk_mem_gen_generic_cstr_HD66
INFO: [VRFC 10-311] analyzing module big_bram_blk_mem_gen_generic_cstr_HD73
INFO: [VRFC 10-311] analyzing module big_bram_blk_mem_gen_generic_cstr_HD80
INFO: [VRFC 10-311] analyzing module big_bram_blk_mem_gen_generic_cstr_HD87
INFO: [VRFC 10-311] analyzing module big_bram_blk_mem_gen_generic_cstr_HD94
INFO: [VRFC 10-311] analyzing module big_bram_blk_mem_gen_prim_width
INFO: [VRFC 10-311] analyzing module big_bram_blk_mem_gen_prim_width_HD102
INFO: [VRFC 10-311] analyzing module big_bram_blk_mem_gen_prim_width_HD109
INFO: [VRFC 10-311] analyzing module big_bram_blk_mem_gen_prim_width_HD116
INFO: [VRFC 10-311] analyzing module big_bram_blk_mem_gen_prim_width_HD123
INFO: [VRFC 10-311] analyzing module big_bram_blk_mem_gen_prim_width_HD130
INFO: [VRFC 10-311] analyzing module big_bram_blk_mem_gen_prim_width_HD137
INFO: [VRFC 10-311] analyzing module big_bram_blk_mem_gen_prim_width_HD144
INFO: [VRFC 10-311] analyzing module big_bram_blk_mem_gen_prim_width_HD151
INFO: [VRFC 10-311] analyzing module big_bram_blk_mem_gen_prim_width_HD158
INFO: [VRFC 10-311] analyzing module big_bram_blk_mem_gen_prim_width_HD165
INFO: [VRFC 10-311] analyzing module big_bram_blk_mem_gen_prim_width_HD172
INFO: [VRFC 10-311] analyzing module big_bram_blk_mem_gen_prim_width_HD179
INFO: [VRFC 10-311] analyzing module big_bram_blk_mem_gen_prim_width_HD186
INFO: [VRFC 10-311] analyzing module big_bram_blk_mem_gen_prim_width_HD193
INFO: [VRFC 10-311] analyzing module big_bram_blk_mem_gen_prim_width_HD200
INFO: [VRFC 10-311] analyzing module big_bram_blk_mem_gen_prim_width_HD207
INFO: [VRFC 10-311] analyzing module big_bram_blk_mem_gen_prim_width_HD214
INFO: [VRFC 10-311] analyzing module big_bram_blk_mem_gen_prim_width_HD221
INFO: [VRFC 10-311] analyzing module big_bram_blk_mem_gen_prim_width_HD228
INFO: [VRFC 10-311] analyzing module big_bram_blk_mem_gen_prim_width_HD235
INFO: [VRFC 10-311] analyzing module big_bram_blk_mem_gen_prim_width_HD242
INFO: [VRFC 10-311] analyzing module big_bram_blk_mem_gen_prim_width_HD249
INFO: [VRFC 10-311] analyzing module big_bram_blk_mem_gen_prim_width_HD256
INFO: [VRFC 10-311] analyzing module big_bram_blk_mem_gen_prim_width_HD263
INFO: [VRFC 10-311] analyzing module big_bram_blk_mem_gen_prim_width_HD270
INFO: [VRFC 10-311] analyzing module big_bram_blk_mem_gen_prim_width_HD60
INFO: [VRFC 10-311] analyzing module big_bram_blk_mem_gen_prim_width_HD67
INFO: [VRFC 10-311] analyzing module big_bram_blk_mem_gen_prim_width_HD74
INFO: [VRFC 10-311] analyzing module big_bram_blk_mem_gen_prim_width_HD81
INFO: [VRFC 10-311] analyzing module big_bram_blk_mem_gen_prim_width_HD88
INFO: [VRFC 10-311] analyzing module big_bram_blk_mem_gen_prim_width_HD95
INFO: [VRFC 10-311] analyzing module big_bram_blk_mem_gen_prim_wrapper
INFO: [VRFC 10-311] analyzing module big_bram_blk_mem_gen_prim_wrapper_HD103
INFO: [VRFC 10-311] analyzing module big_bram_blk_mem_gen_prim_wrapper_HD110
INFO: [VRFC 10-311] analyzing module big_bram_blk_mem_gen_prim_wrapper_HD117
INFO: [VRFC 10-311] analyzing module big_bram_blk_mem_gen_prim_wrapper_HD124
INFO: [VRFC 10-311] analyzing module big_bram_blk_mem_gen_prim_wrapper_HD131
INFO: [VRFC 10-311] analyzing module big_bram_blk_mem_gen_prim_wrapper_HD138
INFO: [VRFC 10-311] analyzing module big_bram_blk_mem_gen_prim_wrapper_HD145
INFO: [VRFC 10-311] analyzing module big_bram_blk_mem_gen_prim_wrapper_HD152
INFO: [VRFC 10-311] analyzing module big_bram_blk_mem_gen_prim_wrapper_HD159
INFO: [VRFC 10-311] analyzing module big_bram_blk_mem_gen_prim_wrapper_HD166
INFO: [VRFC 10-311] analyzing module big_bram_blk_mem_gen_prim_wrapper_HD173
INFO: [VRFC 10-311] analyzing module big_bram_blk_mem_gen_prim_wrapper_HD180
INFO: [VRFC 10-311] analyzing module big_bram_blk_mem_gen_prim_wrapper_HD187
INFO: [VRFC 10-311] analyzing module big_bram_blk_mem_gen_prim_wrapper_HD194
INFO: [VRFC 10-311] analyzing module big_bram_blk_mem_gen_prim_wrapper_HD201
INFO: [VRFC 10-311] analyzing module big_bram_blk_mem_gen_prim_wrapper_HD208
INFO: [VRFC 10-311] analyzing module big_bram_blk_mem_gen_prim_wrapper_HD215
INFO: [VRFC 10-311] analyzing module big_bram_blk_mem_gen_prim_wrapper_HD222
INFO: [VRFC 10-311] analyzing module big_bram_blk_mem_gen_prim_wrapper_HD229
INFO: [VRFC 10-311] analyzing module big_bram_blk_mem_gen_prim_wrapper_HD236
INFO: [VRFC 10-311] analyzing module big_bram_blk_mem_gen_prim_wrapper_HD243
INFO: [VRFC 10-311] analyzing module big_bram_blk_mem_gen_prim_wrapper_HD250
INFO: [VRFC 10-311] analyzing module big_bram_blk_mem_gen_prim_wrapper_HD257
INFO: [VRFC 10-311] analyzing module big_bram_blk_mem_gen_prim_wrapper_HD264
INFO: [VRFC 10-311] analyzing module big_bram_blk_mem_gen_prim_wrapper_HD271
INFO: [VRFC 10-311] analyzing module big_bram_blk_mem_gen_prim_wrapper_HD61
INFO: [VRFC 10-311] analyzing module big_bram_blk_mem_gen_prim_wrapper_HD68
INFO: [VRFC 10-311] analyzing module big_bram_blk_mem_gen_prim_wrapper_HD75
INFO: [VRFC 10-311] analyzing module big_bram_blk_mem_gen_prim_wrapper_HD82
INFO: [VRFC 10-311] analyzing module big_bram_blk_mem_gen_prim_wrapper_HD89
INFO: [VRFC 10-311] analyzing module big_bram_blk_mem_gen_prim_wrapper_HD96
INFO: [VRFC 10-311] analyzing module big_bram_blk_mem_gen_top
INFO: [VRFC 10-311] analyzing module big_bram_blk_mem_gen_top_HD100
INFO: [VRFC 10-311] analyzing module big_bram_blk_mem_gen_top_HD107
INFO: [VRFC 10-311] analyzing module big_bram_blk_mem_gen_top_HD114
INFO: [VRFC 10-311] analyzing module big_bram_blk_mem_gen_top_HD121
INFO: [VRFC 10-311] analyzing module big_bram_blk_mem_gen_top_HD128
INFO: [VRFC 10-311] analyzing module big_bram_blk_mem_gen_top_HD135
INFO: [VRFC 10-311] analyzing module big_bram_blk_mem_gen_top_HD142
INFO: [VRFC 10-311] analyzing module big_bram_blk_mem_gen_top_HD149
INFO: [VRFC 10-311] analyzing module big_bram_blk_mem_gen_top_HD156
INFO: [VRFC 10-311] analyzing module big_bram_blk_mem_gen_top_HD163
INFO: [VRFC 10-311] analyzing module big_bram_blk_mem_gen_top_HD170
INFO: [VRFC 10-311] analyzing module big_bram_blk_mem_gen_top_HD177
INFO: [VRFC 10-311] analyzing module big_bram_blk_mem_gen_top_HD184
INFO: [VRFC 10-311] analyzing module big_bram_blk_mem_gen_top_HD191
INFO: [VRFC 10-311] analyzing module big_bram_blk_mem_gen_top_HD198
INFO: [VRFC 10-311] analyzing module big_bram_blk_mem_gen_top_HD205
INFO: [VRFC 10-311] analyzing module big_bram_blk_mem_gen_top_HD212
INFO: [VRFC 10-311] analyzing module big_bram_blk_mem_gen_top_HD219
INFO: [VRFC 10-311] analyzing module big_bram_blk_mem_gen_top_HD226
INFO: [VRFC 10-311] analyzing module big_bram_blk_mem_gen_top_HD233
INFO: [VRFC 10-311] analyzing module big_bram_blk_mem_gen_top_HD240
INFO: [VRFC 10-311] analyzing module big_bram_blk_mem_gen_top_HD247
INFO: [VRFC 10-311] analyzing module big_bram_blk_mem_gen_top_HD254
INFO: [VRFC 10-311] analyzing module big_bram_blk_mem_gen_top_HD261
INFO: [VRFC 10-311] analyzing module big_bram_blk_mem_gen_top_HD268
INFO: [VRFC 10-311] analyzing module big_bram_blk_mem_gen_top_HD58
INFO: [VRFC 10-311] analyzing module big_bram_blk_mem_gen_top_HD65
INFO: [VRFC 10-311] analyzing module big_bram_blk_mem_gen_top_HD72
INFO: [VRFC 10-311] analyzing module big_bram_blk_mem_gen_top_HD79
INFO: [VRFC 10-311] analyzing module big_bram_blk_mem_gen_top_HD86
INFO: [VRFC 10-311] analyzing module big_bram_blk_mem_gen_top_HD93
INFO: [VRFC 10-311] analyzing module big_bram_blk_mem_gen_v8_4_8
INFO: [VRFC 10-311] analyzing module big_bram_blk_mem_gen_v8_4_8_HD105
INFO: [VRFC 10-311] analyzing module big_bram_blk_mem_gen_v8_4_8_HD112
INFO: [VRFC 10-311] analyzing module big_bram_blk_mem_gen_v8_4_8_HD119
INFO: [VRFC 10-311] analyzing module big_bram_blk_mem_gen_v8_4_8_HD126
INFO: [VRFC 10-311] analyzing module big_bram_blk_mem_gen_v8_4_8_HD133
INFO: [VRFC 10-311] analyzing module big_bram_blk_mem_gen_v8_4_8_HD140
INFO: [VRFC 10-311] analyzing module big_bram_blk_mem_gen_v8_4_8_HD147
INFO: [VRFC 10-311] analyzing module big_bram_blk_mem_gen_v8_4_8_HD154
INFO: [VRFC 10-311] analyzing module big_bram_blk_mem_gen_v8_4_8_HD161
INFO: [VRFC 10-311] analyzing module big_bram_blk_mem_gen_v8_4_8_HD168
INFO: [VRFC 10-311] analyzing module big_bram_blk_mem_gen_v8_4_8_HD175
INFO: [VRFC 10-311] analyzing module big_bram_blk_mem_gen_v8_4_8_HD182
INFO: [VRFC 10-311] analyzing module big_bram_blk_mem_gen_v8_4_8_HD189
INFO: [VRFC 10-311] analyzing module big_bram_blk_mem_gen_v8_4_8_HD196
INFO: [VRFC 10-311] analyzing module big_bram_blk_mem_gen_v8_4_8_HD203
INFO: [VRFC 10-311] analyzing module big_bram_blk_mem_gen_v8_4_8_HD210
INFO: [VRFC 10-311] analyzing module big_bram_blk_mem_gen_v8_4_8_HD217
INFO: [VRFC 10-311] analyzing module big_bram_blk_mem_gen_v8_4_8_HD224
INFO: [VRFC 10-311] analyzing module big_bram_blk_mem_gen_v8_4_8_HD231
INFO: [VRFC 10-311] analyzing module big_bram_blk_mem_gen_v8_4_8_HD238
INFO: [VRFC 10-311] analyzing module big_bram_blk_mem_gen_v8_4_8_HD245
INFO: [VRFC 10-311] analyzing module big_bram_blk_mem_gen_v8_4_8_HD252
INFO: [VRFC 10-311] analyzing module big_bram_blk_mem_gen_v8_4_8_HD259
INFO: [VRFC 10-311] analyzing module big_bram_blk_mem_gen_v8_4_8_HD266
INFO: [VRFC 10-311] analyzing module big_bram_blk_mem_gen_v8_4_8_HD56
INFO: [VRFC 10-311] analyzing module big_bram_blk_mem_gen_v8_4_8_HD63
INFO: [VRFC 10-311] analyzing module big_bram_blk_mem_gen_v8_4_8_HD70
INFO: [VRFC 10-311] analyzing module big_bram_blk_mem_gen_v8_4_8_HD77
INFO: [VRFC 10-311] analyzing module big_bram_blk_mem_gen_v8_4_8_HD84
INFO: [VRFC 10-311] analyzing module big_bram_blk_mem_gen_v8_4_8_HD91
INFO: [VRFC 10-311] analyzing module big_bram_blk_mem_gen_v8_4_8_HD98
INFO: [VRFC 10-311] analyzing module big_bram_blk_mem_gen_v8_4_8_synth
INFO: [VRFC 10-311] analyzing module big_bram_blk_mem_gen_v8_4_8_synth_HD106
INFO: [VRFC 10-311] analyzing module big_bram_blk_mem_gen_v8_4_8_synth_HD113
INFO: [VRFC 10-311] analyzing module big_bram_blk_mem_gen_v8_4_8_synth_HD120
INFO: [VRFC 10-311] analyzing module big_bram_blk_mem_gen_v8_4_8_synth_HD127
INFO: [VRFC 10-311] analyzing module big_bram_blk_mem_gen_v8_4_8_synth_HD134
INFO: [VRFC 10-311] analyzing module big_bram_blk_mem_gen_v8_4_8_synth_HD141
INFO: [VRFC 10-311] analyzing module big_bram_blk_mem_gen_v8_4_8_synth_HD148
INFO: [VRFC 10-311] analyzing module big_bram_blk_mem_gen_v8_4_8_synth_HD155
INFO: [VRFC 10-311] analyzing module big_bram_blk_mem_gen_v8_4_8_synth_HD162
INFO: [VRFC 10-311] analyzing module big_bram_blk_mem_gen_v8_4_8_synth_HD169
INFO: [VRFC 10-311] analyzing module big_bram_blk_mem_gen_v8_4_8_synth_HD176
INFO: [VRFC 10-311] analyzing module big_bram_blk_mem_gen_v8_4_8_synth_HD183
INFO: [VRFC 10-311] analyzing module big_bram_blk_mem_gen_v8_4_8_synth_HD190
INFO: [VRFC 10-311] analyzing module big_bram_blk_mem_gen_v8_4_8_synth_HD197
INFO: [VRFC 10-311] analyzing module big_bram_blk_mem_gen_v8_4_8_synth_HD204
INFO: [VRFC 10-311] analyzing module big_bram_blk_mem_gen_v8_4_8_synth_HD211
INFO: [VRFC 10-311] analyzing module big_bram_blk_mem_gen_v8_4_8_synth_HD218
INFO: [VRFC 10-311] analyzing module big_bram_blk_mem_gen_v8_4_8_synth_HD225
INFO: [VRFC 10-311] analyzing module big_bram_blk_mem_gen_v8_4_8_synth_HD232
INFO: [VRFC 10-311] analyzing module big_bram_blk_mem_gen_v8_4_8_synth_HD239
INFO: [VRFC 10-311] analyzing module big_bram_blk_mem_gen_v8_4_8_synth_HD246
INFO: [VRFC 10-311] analyzing module big_bram_blk_mem_gen_v8_4_8_synth_HD253
INFO: [VRFC 10-311] analyzing module big_bram_blk_mem_gen_v8_4_8_synth_HD260
INFO: [VRFC 10-311] analyzing module big_bram_blk_mem_gen_v8_4_8_synth_HD267
INFO: [VRFC 10-311] analyzing module big_bram_blk_mem_gen_v8_4_8_synth_HD57
INFO: [VRFC 10-311] analyzing module big_bram_blk_mem_gen_v8_4_8_synth_HD64
INFO: [VRFC 10-311] analyzing module big_bram_blk_mem_gen_v8_4_8_synth_HD71
INFO: [VRFC 10-311] analyzing module big_bram_blk_mem_gen_v8_4_8_synth_HD78
INFO: [VRFC 10-311] analyzing module big_bram_blk_mem_gen_v8_4_8_synth_HD85
INFO: [VRFC 10-311] analyzing module big_bram_blk_mem_gen_v8_4_8_synth_HD92
INFO: [VRFC 10-311] analyzing module big_bram_blk_mem_gen_v8_4_8_synth_HD99
INFO: [VRFC 10-311] analyzing module blk_mem_gen_10_blk_mem_gen_generic_cstr
INFO: [VRFC 10-311] analyzing module blk_mem_gen_10_blk_mem_gen_prim_width
INFO: [VRFC 10-311] analyzing module blk_mem_gen_10_blk_mem_gen_prim_wrapper_init
INFO: [VRFC 10-311] analyzing module blk_mem_gen_10_blk_mem_gen_top
INFO: [VRFC 10-311] analyzing module blk_mem_gen_10_blk_mem_gen_v8_4_8
INFO: [VRFC 10-311] analyzing module blk_mem_gen_10_blk_mem_gen_v8_4_8_synth
INFO: [VRFC 10-311] analyzing module blk_mem_gen_11_blk_mem_gen_generic_cstr
INFO: [VRFC 10-311] analyzing module blk_mem_gen_11_blk_mem_gen_prim_width
INFO: [VRFC 10-311] analyzing module blk_mem_gen_11_blk_mem_gen_prim_wrapper_init
INFO: [VRFC 10-311] analyzing module blk_mem_gen_11_blk_mem_gen_top
INFO: [VRFC 10-311] analyzing module blk_mem_gen_11_blk_mem_gen_v8_4_8
INFO: [VRFC 10-311] analyzing module blk_mem_gen_11_blk_mem_gen_v8_4_8_synth
INFO: [VRFC 10-311] analyzing module blk_mem_gen_12_blk_mem_gen_generic_cstr
INFO: [VRFC 10-311] analyzing module blk_mem_gen_12_blk_mem_gen_prim_width
INFO: [VRFC 10-311] analyzing module blk_mem_gen_12_blk_mem_gen_prim_wrapper_init
INFO: [VRFC 10-311] analyzing module blk_mem_gen_12_blk_mem_gen_top
INFO: [VRFC 10-311] analyzing module blk_mem_gen_12_blk_mem_gen_v8_4_8
INFO: [VRFC 10-311] analyzing module blk_mem_gen_12_blk_mem_gen_v8_4_8_synth
INFO: [VRFC 10-311] analyzing module blk_mem_gen_13_blk_mem_gen_generic_cstr
INFO: [VRFC 10-311] analyzing module blk_mem_gen_13_blk_mem_gen_prim_width
INFO: [VRFC 10-311] analyzing module blk_mem_gen_13_blk_mem_gen_prim_wrapper_init
INFO: [VRFC 10-311] analyzing module blk_mem_gen_13_blk_mem_gen_top
INFO: [VRFC 10-311] analyzing module blk_mem_gen_13_blk_mem_gen_v8_4_8
INFO: [VRFC 10-311] analyzing module blk_mem_gen_13_blk_mem_gen_v8_4_8_synth
INFO: [VRFC 10-311] analyzing module blk_mem_gen_14_blk_mem_gen_generic_cstr
INFO: [VRFC 10-311] analyzing module blk_mem_gen_14_blk_mem_gen_prim_width
INFO: [VRFC 10-311] analyzing module blk_mem_gen_14_blk_mem_gen_prim_wrapper_init
INFO: [VRFC 10-311] analyzing module blk_mem_gen_14_blk_mem_gen_top
INFO: [VRFC 10-311] analyzing module blk_mem_gen_14_blk_mem_gen_v8_4_8
INFO: [VRFC 10-311] analyzing module blk_mem_gen_14_blk_mem_gen_v8_4_8_synth
INFO: [VRFC 10-311] analyzing module blk_mem_gen_15_blk_mem_gen_generic_cstr
INFO: [VRFC 10-311] analyzing module blk_mem_gen_15_blk_mem_gen_prim_width
INFO: [VRFC 10-311] analyzing module blk_mem_gen_15_blk_mem_gen_prim_wrapper_init
INFO: [VRFC 10-311] analyzing module blk_mem_gen_15_blk_mem_gen_top
INFO: [VRFC 10-311] analyzing module blk_mem_gen_15_blk_mem_gen_v8_4_8
INFO: [VRFC 10-311] analyzing module blk_mem_gen_15_blk_mem_gen_v8_4_8_synth
INFO: [VRFC 10-311] analyzing module blk_mem_gen_16_blk_mem_gen_generic_cstr
INFO: [VRFC 10-311] analyzing module blk_mem_gen_16_blk_mem_gen_prim_width
INFO: [VRFC 10-311] analyzing module blk_mem_gen_16_blk_mem_gen_prim_wrapper_init
INFO: [VRFC 10-311] analyzing module blk_mem_gen_16_blk_mem_gen_top
INFO: [VRFC 10-311] analyzing module blk_mem_gen_16_blk_mem_gen_v8_4_8
INFO: [VRFC 10-311] analyzing module blk_mem_gen_16_blk_mem_gen_v8_4_8_synth
INFO: [VRFC 10-311] analyzing module blk_mem_gen_1_blk_mem_gen_generic_cstr
INFO: [VRFC 10-311] analyzing module blk_mem_gen_1_blk_mem_gen_prim_width
INFO: [VRFC 10-311] analyzing module blk_mem_gen_1_blk_mem_gen_prim_wrapper_init
INFO: [VRFC 10-311] analyzing module blk_mem_gen_1_blk_mem_gen_top
INFO: [VRFC 10-311] analyzing module blk_mem_gen_1_blk_mem_gen_v8_4_8
INFO: [VRFC 10-311] analyzing module blk_mem_gen_1_blk_mem_gen_v8_4_8_synth
INFO: [VRFC 10-311] analyzing module blk_mem_gen_2_blk_mem_gen_generic_cstr
INFO: [VRFC 10-311] analyzing module blk_mem_gen_2_blk_mem_gen_prim_width
INFO: [VRFC 10-311] analyzing module blk_mem_gen_2_blk_mem_gen_prim_wrapper_init
INFO: [VRFC 10-311] analyzing module blk_mem_gen_2_blk_mem_gen_top
INFO: [VRFC 10-311] analyzing module blk_mem_gen_2_blk_mem_gen_v8_4_8
INFO: [VRFC 10-311] analyzing module blk_mem_gen_2_blk_mem_gen_v8_4_8_synth
INFO: [VRFC 10-311] analyzing module blk_mem_gen_3_blk_mem_gen_generic_cstr
INFO: [VRFC 10-311] analyzing module blk_mem_gen_3_blk_mem_gen_prim_width
INFO: [VRFC 10-311] analyzing module blk_mem_gen_3_blk_mem_gen_prim_wrapper_init
INFO: [VRFC 10-311] analyzing module blk_mem_gen_3_blk_mem_gen_top
INFO: [VRFC 10-311] analyzing module blk_mem_gen_3_blk_mem_gen_v8_4_8
INFO: [VRFC 10-311] analyzing module blk_mem_gen_3_blk_mem_gen_v8_4_8_synth
INFO: [VRFC 10-311] analyzing module blk_mem_gen_4_blk_mem_gen_generic_cstr
INFO: [VRFC 10-311] analyzing module blk_mem_gen_4_blk_mem_gen_prim_width
INFO: [VRFC 10-311] analyzing module blk_mem_gen_4_blk_mem_gen_prim_wrapper_init
INFO: [VRFC 10-311] analyzing module blk_mem_gen_4_blk_mem_gen_top
INFO: [VRFC 10-311] analyzing module blk_mem_gen_4_blk_mem_gen_v8_4_8
INFO: [VRFC 10-311] analyzing module blk_mem_gen_4_blk_mem_gen_v8_4_8_synth
INFO: [VRFC 10-311] analyzing module blk_mem_gen_5_blk_mem_gen_generic_cstr
INFO: [VRFC 10-311] analyzing module blk_mem_gen_5_blk_mem_gen_prim_width
INFO: [VRFC 10-311] analyzing module blk_mem_gen_5_blk_mem_gen_prim_wrapper_init
INFO: [VRFC 10-311] analyzing module blk_mem_gen_5_blk_mem_gen_top
INFO: [VRFC 10-311] analyzing module blk_mem_gen_5_blk_mem_gen_v8_4_8
INFO: [VRFC 10-311] analyzing module blk_mem_gen_5_blk_mem_gen_v8_4_8_synth
INFO: [VRFC 10-311] analyzing module blk_mem_gen_6_blk_mem_gen_generic_cstr
INFO: [VRFC 10-311] analyzing module blk_mem_gen_6_blk_mem_gen_prim_width
INFO: [VRFC 10-311] analyzing module blk_mem_gen_6_blk_mem_gen_prim_wrapper_init
INFO: [VRFC 10-311] analyzing module blk_mem_gen_6_blk_mem_gen_top
INFO: [VRFC 10-311] analyzing module blk_mem_gen_6_blk_mem_gen_v8_4_8
INFO: [VRFC 10-311] analyzing module blk_mem_gen_6_blk_mem_gen_v8_4_8_synth
INFO: [VRFC 10-311] analyzing module blk_mem_gen_7_blk_mem_gen_generic_cstr
INFO: [VRFC 10-311] analyzing module blk_mem_gen_7_blk_mem_gen_prim_width
INFO: [VRFC 10-311] analyzing module blk_mem_gen_7_blk_mem_gen_prim_wrapper_init
INFO: [VRFC 10-311] analyzing module blk_mem_gen_7_blk_mem_gen_top
INFO: [VRFC 10-311] analyzing module blk_mem_gen_7_blk_mem_gen_v8_4_8
INFO: [VRFC 10-311] analyzing module blk_mem_gen_7_blk_mem_gen_v8_4_8_synth
INFO: [VRFC 10-311] analyzing module blk_mem_gen_8_blk_mem_gen_generic_cstr
INFO: [VRFC 10-311] analyzing module blk_mem_gen_8_blk_mem_gen_prim_width
INFO: [VRFC 10-311] analyzing module blk_mem_gen_8_blk_mem_gen_prim_wrapper_init
INFO: [VRFC 10-311] analyzing module blk_mem_gen_8_blk_mem_gen_top
INFO: [VRFC 10-311] analyzing module blk_mem_gen_8_blk_mem_gen_v8_4_8
INFO: [VRFC 10-311] analyzing module blk_mem_gen_8_blk_mem_gen_v8_4_8_synth
INFO: [VRFC 10-311] analyzing module blk_mem_gen_9_blk_mem_gen_generic_cstr
INFO: [VRFC 10-311] analyzing module blk_mem_gen_9_blk_mem_gen_prim_width
INFO: [VRFC 10-311] analyzing module blk_mem_gen_9_blk_mem_gen_prim_wrapper_init
INFO: [VRFC 10-311] analyzing module blk_mem_gen_9_blk_mem_gen_top
INFO: [VRFC 10-311] analyzing module blk_mem_gen_9_blk_mem_gen_v8_4_8
INFO: [VRFC 10-311] analyzing module blk_mem_gen_9_blk_mem_gen_v8_4_8_synth
INFO: [VRFC 10-311] analyzing module fifo_generator_0_blk_mem_gen_generic_cstr
INFO: [VRFC 10-311] analyzing module fifo_generator_0_blk_mem_gen_generic_cstr_HD21
INFO: [VRFC 10-311] analyzing module fifo_generator_0_blk_mem_gen_prim_width
INFO: [VRFC 10-311] analyzing module fifo_generator_0_blk_mem_gen_prim_width_HD22
INFO: [VRFC 10-311] analyzing module fifo_generator_0_blk_mem_gen_prim_wrapper
INFO: [VRFC 10-311] analyzing module fifo_generator_0_blk_mem_gen_prim_wrapper_HD23
INFO: [VRFC 10-311] analyzing module fifo_generator_0_blk_mem_gen_top
INFO: [VRFC 10-311] analyzing module fifo_generator_0_blk_mem_gen_top_HD20
INFO: [VRFC 10-311] analyzing module fifo_generator_0_blk_mem_gen_v8_4_8
INFO: [VRFC 10-311] analyzing module fifo_generator_0_blk_mem_gen_v8_4_8_HD18
INFO: [VRFC 10-311] analyzing module fifo_generator_0_blk_mem_gen_v8_4_8_synth
INFO: [VRFC 10-311] analyzing module fifo_generator_0_blk_mem_gen_v8_4_8_synth_HD19
INFO: [VRFC 10-311] analyzing module fifo_generator_0_clk_x_pntrs
INFO: [VRFC 10-311] analyzing module fifo_generator_0_clk_x_pntrs_HD7
INFO: [VRFC 10-311] analyzing module fifo_generator_0_fifo_generator_ramfifo
INFO: [VRFC 10-311] analyzing module fifo_generator_0_fifo_generator_ramfifo_HD6
INFO: [VRFC 10-311] analyzing module fifo_generator_0_fifo_generator_top
INFO: [VRFC 10-311] analyzing module fifo_generator_0_fifo_generator_top_HD5
INFO: [VRFC 10-311] analyzing module fifo_generator_0_fifo_generator_v13_2_10
INFO: [VRFC 10-311] analyzing module fifo_generator_0_fifo_generator_v13_2_10_HD3
INFO: [VRFC 10-311] analyzing module fifo_generator_0_fifo_generator_v13_2_10_synth
INFO: [VRFC 10-311] analyzing module fifo_generator_0_fifo_generator_v13_2_10_synth_HD4
INFO: [VRFC 10-311] analyzing module fifo_generator_0_memory
INFO: [VRFC 10-311] analyzing module fifo_generator_0_memory_HD17
INFO: [VRFC 10-311] analyzing module fifo_generator_0_rd_bin_cntr
INFO: [VRFC 10-311] analyzing module fifo_generator_0_rd_bin_cntr_HD12
INFO: [VRFC 10-311] analyzing module fifo_generator_0_rd_logic
INFO: [VRFC 10-311] analyzing module fifo_generator_0_rd_logic_HD10
INFO: [VRFC 10-311] analyzing module fifo_generator_0_rd_status_flags_as
INFO: [VRFC 10-311] analyzing module fifo_generator_0_rd_status_flags_as_HD11
INFO: [VRFC 10-311] analyzing module fifo_generator_0_wr_bin_cntr
INFO: [VRFC 10-311] analyzing module fifo_generator_0_wr_bin_cntr_HD16
INFO: [VRFC 10-311] analyzing module fifo_generator_0_wr_logic
INFO: [VRFC 10-311] analyzing module fifo_generator_0_wr_logic_HD13
INFO: [VRFC 10-311] analyzing module fifo_generator_0_wr_status_flags_as
INFO: [VRFC 10-311] analyzing module fifo_generator_0_wr_status_flags_as_HD15
INFO: [VRFC 10-311] analyzing module glbl
INFO: [VRFC 10-2263] Analyzing Verilog file "C:/Users/arg/Documents/GitHub/FPGA/First_Project/First_Project.srcs/sim_1/new/testbench_top_level.v" into library xil_defaultlib
INFO: [VRFC 10-311] analyzing module testbench_top_level
