Vivado Simulator v2024.1
Copyright 1986-2022 Xilinx, Inc. All Rights Reserved.
Copyright 2022-2024 Advanced Micro Devices, Inc. All Rights Reserved.
Running: C:/Xilinx/Vivado/2024.1/bin/unwrapped/win64.o/xelab.exe --incr --debug typical --relax --mt 2 -L xil_defaultlib -L fifo_generator_v13_2_10 -L blk_mem_gen_v8_4_8 -L unisims_ver -L unimacro_ver -L secureip -L xpm --snapshot testbench_top_level_behav xil_defaultlib.testbench_top_level xil_defaultlib.glbl -log elaborate.log 
Using 2 slave threads.
Starting static elaboration
Pass Through NonSizing Optimizer
WARNING: [VRFC 10-3091] actual bit length 32 differs from formal bit length 8 for port 'addr' [C:/Users/arg/Documents/GitHub/FPGA/First_Project/First_Project.srcs/sources_1/new/simple_io.v:225]
WARNING: [VRFC 10-3091] actual bit length 32 differs from formal bit length 1 for port 'ena' [C:/Users/arg/Documents/GitHub/FPGA/First_Project/First_Project.srcs/sources_1/new/rom.v:48]
WARNING: [VRFC 10-3091] actual bit length 32 differs from formal bit length 1 for port 'wea' [C:/Users/arg/Documents/GitHub/FPGA/First_Project/First_Project.srcs/sources_1/new/rom.v:49]
WARNING: [VRFC 10-3091] actual bit length 32 differs from formal bit length 12 for port 'dina' [C:/Users/arg/Documents/GitHub/FPGA/First_Project/First_Project.srcs/sources_1/new/rom.v:51]
WARNING: [VRFC 10-3091] actual bit length 32 differs from formal bit length 1 for port 'ena' [C:/Users/arg/Documents/GitHub/FPGA/First_Project/First_Project.srcs/sources_1/new/rom.v:56]
WARNING: [VRFC 10-3091] actual bit length 32 differs from formal bit length 1 for port 'wea' [C:/Users/arg/Documents/GitHub/FPGA/First_Project/First_Project.srcs/sources_1/new/rom.v:57]
WARNING: [VRFC 10-3091] actual bit length 32 differs from formal bit length 12 for port 'dina' [C:/Users/arg/Documents/GitHub/FPGA/First_Project/First_Project.srcs/sources_1/new/rom.v:59]
WARNING: [VRFC 10-3091] actual bit length 32 differs from formal bit length 1 for port 'ena' [C:/Users/arg/Documents/GitHub/FPGA/First_Project/First_Project.srcs/sources_1/new/rom.v:64]
WARNING: [VRFC 10-3091] actual bit length 32 differs from formal bit length 1 for port 'wea' [C:/Users/arg/Documents/GitHub/FPGA/First_Project/First_Project.srcs/sources_1/new/rom.v:65]
WARNING: [VRFC 10-3091] actual bit length 32 differs from formal bit length 12 for port 'dina' [C:/Users/arg/Documents/GitHub/FPGA/First_Project/First_Project.srcs/sources_1/new/rom.v:67]
WARNING: [VRFC 10-3091] actual bit length 32 differs from formal bit length 1 for port 'ena' [C:/Users/arg/Documents/GitHub/FPGA/First_Project/First_Project.srcs/sources_1/new/rom.v:72]
WARNING: [VRFC 10-3091] actual bit length 32 differs from formal bit length 1 for port 'wea' [C:/Users/arg/Documents/GitHub/FPGA/First_Project/First_Project.srcs/sources_1/new/rom.v:73]
WARNING: [VRFC 10-3091] actual bit length 32 differs from formal bit length 12 for port 'dina' [C:/Users/arg/Documents/GitHub/FPGA/First_Project/First_Project.srcs/sources_1/new/rom.v:75]
WARNING: [VRFC 10-3091] actual bit length 32 differs from formal bit length 1 for port 'ena' [C:/Users/arg/Documents/GitHub/FPGA/First_Project/First_Project.srcs/sources_1/new/rom.v:80]
WARNING: [VRFC 10-3091] actual bit length 32 differs from formal bit length 1 for port 'wea' [C:/Users/arg/Documents/GitHub/FPGA/First_Project/First_Project.srcs/sources_1/new/rom.v:81]
WARNING: [VRFC 10-3091] actual bit length 32 differs from formal bit length 12 for port 'dina' [C:/Users/arg/Documents/GitHub/FPGA/First_Project/First_Project.srcs/sources_1/new/rom.v:83]
WARNING: [VRFC 10-3091] actual bit length 32 differs from formal bit length 1 for port 'ena' [C:/Users/arg/Documents/GitHub/FPGA/First_Project/First_Project.srcs/sources_1/new/rom.v:88]
WARNING: [VRFC 10-3091] actual bit length 32 differs from formal bit length 1 for port 'wea' [C:/Users/arg/Documents/GitHub/FPGA/First_Project/First_Project.srcs/sources_1/new/rom.v:89]
WARNING: [VRFC 10-3091] actual bit length 32 differs from formal bit length 12 for port 'dina' [C:/Users/arg/Documents/GitHub/FPGA/First_Project/First_Project.srcs/sources_1/new/rom.v:91]
WARNING: [VRFC 10-3091] actual bit length 32 differs from formal bit length 1 for port 'ena' [C:/Users/arg/Documents/GitHub/FPGA/First_Project/First_Project.srcs/sources_1/new/rom.v:96]
WARNING: [VRFC 10-3091] actual bit length 32 differs from formal bit length 1 for port 'wea' [C:/Users/arg/Documents/GitHub/FPGA/First_Project/First_Project.srcs/sources_1/new/rom.v:97]
WARNING: [VRFC 10-3091] actual bit length 32 differs from formal bit length 12 for port 'dina' [C:/Users/arg/Documents/GitHub/FPGA/First_Project/First_Project.srcs/sources_1/new/rom.v:99]
WARNING: [VRFC 10-3091] actual bit length 32 differs from formal bit length 1 for port 'ena' [C:/Users/arg/Documents/GitHub/FPGA/First_Project/First_Project.srcs/sources_1/new/rom.v:104]
WARNING: [VRFC 10-3091] actual bit length 32 differs from formal bit length 1 for port 'wea' [C:/Users/arg/Documents/GitHub/FPGA/First_Project/First_Project.srcs/sources_1/new/rom.v:105]
WARNING: [VRFC 10-3091] actual bit length 32 differs from formal bit length 12 for port 'dina' [C:/Users/arg/Documents/GitHub/FPGA/First_Project/First_Project.srcs/sources_1/new/rom.v:107]
WARNING: [VRFC 10-3091] actual bit length 32 differs from formal bit length 1 for port 'ena' [C:/Users/arg/Documents/GitHub/FPGA/First_Project/First_Project.srcs/sources_1/new/rom.v:112]
WARNING: [VRFC 10-3091] actual bit length 32 differs from formal bit length 1 for port 'wea' [C:/Users/arg/Documents/GitHub/FPGA/First_Project/First_Project.srcs/sources_1/new/rom.v:113]
WARNING: [VRFC 10-3091] actual bit length 32 differs from formal bit length 12 for port 'dina' [C:/Users/arg/Documents/GitHub/FPGA/First_Project/First_Project.srcs/sources_1/new/rom.v:115]
WARNING: [VRFC 10-3091] actual bit length 32 differs from formal bit length 1 for port 'ena' [C:/Users/arg/Documents/GitHub/FPGA/First_Project/First_Project.srcs/sources_1/new/rom.v:120]
WARNING: [VRFC 10-3091] actual bit length 32 differs from formal bit length 1 for port 'wea' [C:/Users/arg/Documents/GitHub/FPGA/First_Project/First_Project.srcs/sources_1/new/rom.v:121]
WARNING: [VRFC 10-3091] actual bit length 32 differs from formal bit length 12 for port 'dina' [C:/Users/arg/Documents/GitHub/FPGA/First_Project/First_Project.srcs/sources_1/new/rom.v:123]
WARNING: [VRFC 10-3091] actual bit length 32 differs from formal bit length 1 for port 'ena' [C:/Users/arg/Documents/GitHub/FPGA/First_Project/First_Project.srcs/sources_1/new/rom.v:128]
WARNING: [VRFC 10-3091] actual bit length 32 differs from formal bit length 1 for port 'wea' [C:/Users/arg/Documents/GitHub/FPGA/First_Project/First_Project.srcs/sources_1/new/rom.v:129]
WARNING: [VRFC 10-3091] actual bit length 32 differs from formal bit length 12 for port 'dina' [C:/Users/arg/Documents/GitHub/FPGA/First_Project/First_Project.srcs/sources_1/new/rom.v:131]
WARNING: [VRFC 10-3091] actual bit length 32 differs from formal bit length 1 for port 'ena' [C:/Users/arg/Documents/GitHub/FPGA/First_Project/First_Project.srcs/sources_1/new/rom.v:136]
WARNING: [VRFC 10-3091] actual bit length 32 differs from formal bit length 1 for port 'wea' [C:/Users/arg/Documents/GitHub/FPGA/First_Project/First_Project.srcs/sources_1/new/rom.v:137]
WARNING: [VRFC 10-3091] actual bit length 32 differs from formal bit length 12 for port 'dina' [C:/Users/arg/Documents/GitHub/FPGA/First_Project/First_Project.srcs/sources_1/new/rom.v:139]
WARNING: [VRFC 10-3091] actual bit length 32 differs from formal bit length 1 for port 'ena' [C:/Users/arg/Documents/GitHub/FPGA/First_Project/First_Project.srcs/sources_1/new/rom.v:144]
WARNING: [VRFC 10-3091] actual bit length 32 differs from formal bit length 1 for port 'wea' [C:/Users/arg/Documents/GitHub/FPGA/First_Project/First_Project.srcs/sources_1/new/rom.v:145]
WARNING: [VRFC 10-3091] actual bit length 32 differs from formal bit length 12 for port 'dina' [C:/Users/arg/Documents/GitHub/FPGA/First_Project/First_Project.srcs/sources_1/new/rom.v:147]
WARNING: [VRFC 10-3091] actual bit length 32 differs from formal bit length 1 for port 'ena' [C:/Users/arg/Documents/GitHub/FPGA/First_Project/First_Project.srcs/sources_1/new/rom.v:152]
WARNING: [VRFC 10-3091] actual bit length 32 differs from formal bit length 1 for port 'wea' [C:/Users/arg/Documents/GitHub/FPGA/First_Project/First_Project.srcs/sources_1/new/rom.v:153]
WARNING: [VRFC 10-3091] actual bit length 32 differs from formal bit length 12 for port 'dina' [C:/Users/arg/Documents/GitHub/FPGA/First_Project/First_Project.srcs/sources_1/new/rom.v:155]
WARNING: [VRFC 10-3091] actual bit length 32 differs from formal bit length 1 for port 'ena' [C:/Users/arg/Documents/GitHub/FPGA/First_Project/First_Project.srcs/sources_1/new/rom.v:160]
WARNING: [VRFC 10-3091] actual bit length 32 differs from formal bit length 1 for port 'wea' [C:/Users/arg/Documents/GitHub/FPGA/First_Project/First_Project.srcs/sources_1/new/rom.v:161]
WARNING: [VRFC 10-3091] actual bit length 32 differs from formal bit length 12 for port 'dina' [C:/Users/arg/Documents/GitHub/FPGA/First_Project/First_Project.srcs/sources_1/new/rom.v:163]
WARNING: [VRFC 10-3091] actual bit length 32 differs from formal bit length 1 for port 'ena' [C:/Users/arg/Documents/GitHub/FPGA/First_Project/First_Project.srcs/sources_1/new/rom.v:168]
WARNING: [VRFC 10-3091] actual bit length 32 differs from formal bit length 1 for port 'wea' [C:/Users/arg/Documents/GitHub/FPGA/First_Project/First_Project.srcs/sources_1/new/rom.v:169]
WARNING: [VRFC 10-3091] actual bit length 32 differs from formal bit length 12 for port 'dina' [C:/Users/arg/Documents/GitHub/FPGA/First_Project/First_Project.srcs/sources_1/new/rom.v:171]
WARNING: [VRFC 10-3091] actual bit length 32 differs from formal bit length 12 for port 'read_addr0' [C:/Users/arg/Documents/GitHub/FPGA/First_Project/First_Project.srcs/sources_1/new/simple_io.v:275]
WARNING: [VRFC 10-3091] actual bit length 32 differs from formal bit length 12 for port 'read_addr1' [C:/Users/arg/Documents/GitHub/FPGA/First_Project/First_Project.srcs/sources_1/new/simple_io.v:276]
WARNING: [VRFC 10-3091] actual bit length 32 differs from formal bit length 12 for port 'read_addr2' [C:/Users/arg/Documents/GitHub/FPGA/First_Project/First_Project.srcs/sources_1/new/simple_io.v:277]
WARNING: [VRFC 10-3091] actual bit length 32 differs from formal bit length 12 for port 'read_addr3' [C:/Users/arg/Documents/GitHub/FPGA/First_Project/First_Project.srcs/sources_1/new/simple_io.v:278]
WARNING: [VRFC 10-3091] actual bit length 32 differs from formal bit length 12 for port 'read_addr4' [C:/Users/arg/Documents/GitHub/FPGA/First_Project/First_Project.srcs/sources_1/new/simple_io.v:279]
WARNING: [VRFC 10-3091] actual bit length 32 differs from formal bit length 12 for port 'read_addr5' [C:/Users/arg/Documents/GitHub/FPGA/First_Project/First_Project.srcs/sources_1/new/simple_io.v:280]
WARNING: [VRFC 10-3091] actual bit length 32 differs from formal bit length 12 for port 'read_addr6' [C:/Users/arg/Documents/GitHub/FPGA/First_Project/First_Project.srcs/sources_1/new/simple_io.v:281]
WARNING: [VRFC 10-3091] actual bit length 32 differs from formal bit length 12 for port 'read_addr7' [C:/Users/arg/Documents/GitHub/FPGA/First_Project/First_Project.srcs/sources_1/new/simple_io.v:282]
WARNING: [VRFC 10-3091] actual bit length 32 differs from formal bit length 12 for port 'read_addr8' [C:/Users/arg/Documents/GitHub/FPGA/First_Project/First_Project.srcs/sources_1/new/simple_io.v:283]
WARNING: [VRFC 10-3091] actual bit length 32 differs from formal bit length 12 for port 'read_addr9' [C:/Users/arg/Documents/GitHub/FPGA/First_Project/First_Project.srcs/sources_1/new/simple_io.v:284]
WARNING: [VRFC 10-3091] actual bit length 32 differs from formal bit length 12 for port 'read_addr10' [C:/Users/arg/Documents/GitHub/FPGA/First_Project/First_Project.srcs/sources_1/new/simple_io.v:285]
WARNING: [VRFC 10-3091] actual bit length 32 differs from formal bit length 12 for port 'read_addr11' [C:/Users/arg/Documents/GitHub/FPGA/First_Project/First_Project.srcs/sources_1/new/simple_io.v:286]
WARNING: [VRFC 10-3091] actual bit length 32 differs from formal bit length 12 for port 'read_addr12' [C:/Users/arg/Documents/GitHub/FPGA/First_Project/First_Project.srcs/sources_1/new/simple_io.v:287]
WARNING: [VRFC 10-3091] actual bit length 32 differs from formal bit length 12 for port 'read_addr13' [C:/Users/arg/Documents/GitHub/FPGA/First_Project/First_Project.srcs/sources_1/new/simple_io.v:288]
WARNING: [VRFC 10-3091] actual bit length 32 differs from formal bit length 12 for port 'read_addr14' [C:/Users/arg/Documents/GitHub/FPGA/First_Project/First_Project.srcs/sources_1/new/simple_io.v:289]
WARNING: [VRFC 10-3091] actual bit length 32 differs from formal bit length 12 for port 'read_addr15' [C:/Users/arg/Documents/GitHub/FPGA/First_Project/First_Project.srcs/sources_1/new/simple_io.v:290]
Completed static elaboration
INFO: [XSIM 43-4323] No Change in HDL. Linking previously generated obj files to create kernel
