Copyright 1986-2022 Xilinx, Inc. All Rights Reserved. Copyright 2022-2024 Advanced Micro Devices, Inc. All Rights Reserved.
---------------------------------------------------------------------------------------------------------------------------------------------
| Tool Version : Vivado v.2024.1 (win64) Build 5076996 Wed May 22 18:37:14 MDT 2024
| Date         : Wed Feb 19 23:24:53 2025
| Host         : DEKTOP-MOV670 running 64-bit major release  (build 9200)
| Command      : report_clock_utilization -file simple_io_clock_utilization_routed.rpt
| Design       : simple_io
| Device       : 7a35t-cpg236
| Speed File   : -1  PRODUCTION 1.23 2018-06-13
| Design State : Routed
---------------------------------------------------------------------------------------------------------------------------------------------

Clock Utilization Report

Table of Contents
-----------------
1. Clock Primitive Utilization
2. Global Clock Resources
3. Global Clock Source Details
4. Local Clock Details
5. Clock Regions: Key Resource Utilization
6. Clock Regions : Global Clock Summary
7. Device Cell Placement Summary for Global Clock g0
8. Device Cell Placement Summary for Global Clock g1
9. Device Cell Placement Summary for Global Clock g2
10. Device Cell Placement Summary for Global Clock g3
11. Device Cell Placement Summary for Global Clock g4
12. Device Cell Placement Summary for Global Clock g5
13. Clock Region Cell Placement per Global Clock: Region X0Y0
14. Clock Region Cell Placement per Global Clock: Region X1Y0
15. Clock Region Cell Placement per Global Clock: Region X0Y1
16. Clock Region Cell Placement per Global Clock: Region X1Y1

1. Clock Primitive Utilization
------------------------------

+----------+------+-----------+-----+--------------+--------+
| Type     | Used | Available | LOC | Clock Region | Pblock |
+----------+------+-----------+-----+--------------+--------+
| BUFGCTRL |    6 |        32 |   0 |            0 |      0 |
| BUFH     |    0 |        72 |   0 |            0 |      0 |
| BUFIO    |    0 |        20 |   0 |            0 |      0 |
| BUFMR    |    0 |        10 |   0 |            0 |      0 |
| BUFR     |    0 |        20 |   0 |            0 |      0 |
| MMCM     |    0 |         5 |   0 |            0 |      0 |
| PLL      |    1 |         5 |   0 |            0 |      0 |
+----------+------+-----------+-----+--------------+--------+


2. Global Clock Resources
-------------------------

+-----------+-----------+-----------------+------------+---------------+--------------+-------------------+-------------+-----------------+--------------+--------------------+--------------------------------+---------------------------+
| Global Id | Source Id | Driver Type/Pin | Constraint | Site          | Clock Region | Load Clock Region | Clock Loads | Non-Clock Loads | Clock Period | Clock              | Driver Pin                     | Net                       |
+-----------+-----------+-----------------+------------+---------------+--------------+-------------------+-------------+-----------------+--------------+--------------------+--------------------------------+---------------------------+
| g0        | src0      | BUFG/O          | None       | BUFGCTRL_X0Y1 | n/a          |                 2 |         180 |              13 |       10.000 | sys_clk_pin        | CLK100MHZ_IBUF_BUFG_inst/O     | CLK100MHZ_IBUF_BUFG       |
| g1        | src1      | BUFG/O          | None       | BUFGCTRL_X0Y0 | n/a          |                 4 |         143 |               3 |              |                    | JC_IBUF__0_BUFG[3]_inst/O      | JC_IBUF__0_BUFG[3]        |
| g2        | src0      | BUFG/O          | None       | BUFGCTRL_X0Y2 | n/a          |                 2 |         128 |               0 |       10.000 | sys_clk_pin        | prev_lr_clk_reg_i_1/O          | i2s2/clk0                 |
| g3        | src2      | BUFG/O          | None       | BUFGCTRL_X0Y3 | n/a          |                 2 |          24 |               1 |              |                    | addr_counter_BUFG_inst/O       | addr_counter_BUFG         |
| g4        | src3      | BUFG/O          | None       | BUFGCTRL_X0Y4 | n/a          |                 2 |           9 |               0 |        0.980 | clk_out2_clk_wiz_0 | clock_wiz_0/inst/clkout2_buf/O | clock_wiz_0/inst/clk_out2 |
| g5        | src4      | BUFG/O          | None       | BUFGCTRL_X0Y5 | n/a          |                 1 |           1 |               0 |       81.373 | clk_out1_clk_wiz_0 | clock_wiz_0/inst/clkout1_buf/O | clock_wiz_0/inst/clk_out1 |
+-----------+-----------+-----------------+------------+---------------+--------------+-------------------+-------------+-----------------+--------------+--------------------+--------------------------------+---------------------------+
* Clock Loads column represents cell count of net connects that connect to a clock pin. Internal cell leaf pins are not considered
** Non-Clock Loads column represents cell count of non-clock pin loads


3. Global Clock Source Details
------------------------------

+-----------+-----------+-------------------+------------+----------------+--------------+-------------+-----------------+---------------------+--------------------+-----------------------------------------+-------------------------------------+
| Source Id | Global Id | Driver Type/Pin   | Constraint | Site           | Clock Region | Clock Loads | Non-Clock Loads | Source Clock Period | Source Clock       | Driver Pin                              | Net                                 |
+-----------+-----------+-------------------+------------+----------------+--------------+-------------+-----------------+---------------------+--------------------+-----------------------------------------+-------------------------------------+
| src0      | g0        | IBUF/O            | IOB_X1Y26  | IOB_X1Y26      | X1Y0         |           1 |               0 |              10.000 | sys_clk_pin        | CLK100MHZ_IBUF_inst/O                   | CLK100MHZ_IBUF                      |
| src0      | g2        | LUT2/O            | None       | SLICE_X37Y46   | X1Y0         |           1 |               0 |              10.000 | sys_clk_pin        | prev_lr_clk_i_2/O                       | prev_lr_clk_i_2_n_0                 |
| src1      | g1        | FDRE/Q            | None       | SLICE_X35Y46   | X0Y0         |           1 |               0 |                     |                    | mic_clk_reg/Q                           | JC_IBUF__0[3]                       |
| src2      | g3        | FDRE/Q            | None       | SLICE_X37Y46   | X1Y0         |           1 |               8 |                     |                    | rom/addr_counter_reg/Q                  | rom/addr_counter                    |
| src3      | g4        | PLLE2_ADV/CLKOUT1 | None       | PLLE2_ADV_X1Y0 | X1Y0         |           1 |               0 |               0.980 | clk_out2_clk_wiz_0 | clock_wiz_0/inst/plle2_adv_inst/CLKOUT1 | clock_wiz_0/inst/clk_out2_clk_wiz_0 |
| src4      | g5        | PLLE2_ADV/CLKOUT0 | None       | PLLE2_ADV_X1Y0 | X1Y0         |           1 |               0 |              81.373 | clk_out1_clk_wiz_0 | clock_wiz_0/inst/plle2_adv_inst/CLKOUT0 | clock_wiz_0/inst/clk_out1_clk_wiz_0 |
+-----------+-----------+-------------------+------------+----------------+--------------+-------------+-----------------+---------------------+--------------------+-----------------------------------------+-------------------------------------+
* Clock Loads column represents cell count of net connects that connect to a clock pin. Internal cell leaf pins are not considered
** Non-Clock Loads column represents cell count of non-clock pin loads


4. Local Clock Details
----------------------

+----------+-----------------+------------+------------------+--------------+-------------+-----------------+--------------+-------+---------------+-----+
| Local Id | Driver Type/Pin | Constraint | Site/BEL         | Clock Region | Clock Loads | Non-Clock Loads | Clock Period | Clock | Driver Pin    | Net |
+----------+-----------------+------------+------------------+--------------+-------------+-----------------+--------------+-------+---------------+-----+
| 0        | FDRE/Q          | None       | SLICE_X40Y46/AFF | X1Y0         |          26 |               1 |              |       | ddr_clk_reg/Q | clk |
+----------+-----------------+------------+------------------+--------------+-------------+-----------------+--------------+-------+---------------+-----+
* Local Clocks in this context represents only clocks driven by non-global buffers
** Clock Loads column represents cell count of net connects that connect to a clock pin. Internal cell leaf pins are not considered
*** Non-Clock Loads column represents cell count of non-clock pin loads


5. Clock Regions: Key Resource Utilization
------------------------------------------

+-------------------+--------------+--------------+--------------+--------------+--------------+--------------+--------------+--------------+--------------+--------------+--------------+--------------+--------------+--------------+--------------+
|                   | Global Clock |     BUFRs    |    BUFMRs    |    BUFIOs    |     MMCM     |      PLL     |      GT      |      PCI     |    ILOGIC    |    OLOGIC    |      FF      |     LUTM     |    RAMB18    |    RAMB36    |    DSP48E2   |
+-------------------+------+-------+------+-------+------+-------+------+-------+------+-------+------+-------+------+-------+------+-------+------+-------+------+-------+------+-------+------+-------+------+-------+------+-------+------+-------+
| Clock Region Name | Used | Avail | Used | Avail | Used | Avail | Used | Avail | Used | Avail | Used | Avail | Used | Avail | Used | Avail | Used | Avail | Used | Avail | Used | Avail | Used | Avail | Used | Avail | Used | Avail | Used | Avail |
+-------------------+------+-------+------+-------+------+-------+------+-------+------+-------+------+-------+------+-------+------+-------+------+-------+------+-------+------+-------+------+-------+------+-------+------+-------+------+-------+
| X0Y0              |    1 |    12 |    0 |     4 |    0 |     2 |    0 |     4 |    0 |     1 |    0 |     1 |    0 |     0 |    0 |     0 |    4 |    50 |    0 |    50 |    9 |  1200 |    4 |   400 |    0 |    20 |    0 |    10 |    0 |    20 |
| X1Y0              |    6 |    12 |    0 |     4 |    0 |     2 |    0 |     4 |    0 |     1 |    1 |     1 |    0 |     0 |    0 |     0 |    0 |    50 |    0 |    50 |  282 |  1500 |   66 |   450 |    2 |    40 |    0 |    20 |    0 |    20 |
| X0Y1              |    1 |    12 |    0 |     4 |    0 |     2 |    0 |     4 |    0 |     1 |    0 |     1 |    0 |     0 |    0 |     0 |    0 |    50 |    0 |    50 |    0 |  1200 |    1 |   400 |    0 |    20 |    0 |    10 |    0 |    20 |
| X1Y1              |    5 |    12 |    0 |     4 |    0 |     2 |    0 |     4 |    0 |     1 |    0 |     1 |    0 |     0 |    0 |     0 |    4 |    50 |    0 |    50 |  192 |  1500 |   44 |   450 |    4 |    40 |    0 |    20 |    0 |    20 |
| X0Y2              |    0 |    12 |    0 |     4 |    0 |     2 |    0 |     4 |    0 |     1 |    0 |     1 |    0 |     0 |    0 |     0 |    0 |    50 |    0 |    50 |    0 |  1800 |    0 |   400 |    0 |    20 |    0 |    10 |    0 |    20 |
| X1Y2              |    0 |    12 |    0 |     0 |    0 |     0 |    0 |     0 |    0 |     0 |    0 |     0 |    0 |     4 |    0 |     1 |    0 |     0 |    0 |     0 |    0 |   950 |    0 |   300 |    0 |    10 |    0 |     5 |    0 |    20 |
+-------------------+------+-------+------+-------+------+-------+------+-------+------+-------+------+-------+------+-------+------+-------+------+-------+------+-------+------+-------+------+-------+------+-------+------+-------+------+-------+
* Global Clock column represents track count; while other columns represents cell counts


6. Clock Regions : Global Clock Summary
---------------------------------------

All Modules
+----+----+----+
|    | X0 | X1 |
+----+----+----+
| Y2 |  0 |  0 |
| Y1 |  0 |  0 |
| Y0 |  0 |  0 |
+----+----+----+


7. Device Cell Placement Summary for Global Clock g0
----------------------------------------------------

+-----------+-----------------+-------------------+-------------+-------------+---------------+-------------+----------+----------------+----------+---------------------+
| Global Id | Driver Type/Pin | Driver Region (D) | Clock       | Period (ns) | Waveform (ns) | Slice Loads | IO Loads | Clocking Loads | GT Loads | Net                 |
+-----------+-----------------+-------------------+-------------+-------------+---------------+-------------+----------+----------------+----------+---------------------+
| g0        | BUFG/O          | n/a               | sys_clk_pin |      10.000 | {0.000 5.000} |         192 |        0 |              1 |        0 | CLK100MHZ_IBUF_BUFG |
+-----------+-----------------+-------------------+-------------+-------------+---------------+-------------+----------+----------------+----------+---------------------+
* Slice Loads column represents load cell count of all cell types other than IO, GT and clock resources
** IO Loads column represents load cell count of IO types
*** Clocking Loads column represents load cell count that are clock resources (global clock buffer, MMCM, PLL, etc)
**** GT Loads column represents load cell count of GT types


+----+----+------+-----------------------+
|    | X0 | X1   | HORIZONTAL PROG DELAY |
+----+----+------+-----------------------+
| Y2 |  0 |    0 |                     - |
| Y1 |  0 |  123 |                     0 |
| Y0 |  0 |   70 |                     0 |
+----+----+------+-----------------------+


8. Device Cell Placement Summary for Global Clock g1
----------------------------------------------------

+-----------+-----------------+-------------------+-------+-------------+---------------+-------------+----------+----------------+----------+--------------------+
| Global Id | Driver Type/Pin | Driver Region (D) | Clock | Period (ns) | Waveform (ns) | Slice Loads | IO Loads | Clocking Loads | GT Loads | Net                |
+-----------+-----------------+-------------------+-------+-------------+---------------+-------------+----------+----------------+----------+--------------------+
| g1        | BUFG/O          | n/a               |       |             |               |         144 |        2 |              0 |        0 | JC_IBUF__0_BUFG[3] |
+-----------+-----------------+-------------------+-------+-------------+---------------+-------------+----------+----------------+----------+--------------------+
* Slice Loads column represents load cell count of all cell types other than IO, GT and clock resources
** IO Loads column represents load cell count of IO types
*** Clocking Loads column represents load cell count that are clock resources (global clock buffer, MMCM, PLL, etc)
**** GT Loads column represents load cell count of GT types


+----+-----+-----+-----------------------+
|    | X0  | X1  | HORIZONTAL PROG DELAY |
+----+-----+-----+-----------------------+
| Y2 |   0 |   0 |                     - |
| Y1 |   1 |  70 |                     0 |
| Y0 |  13 |  62 |                     0 |
+----+-----+-----+-----------------------+


9. Device Cell Placement Summary for Global Clock g2
----------------------------------------------------

+-----------+-----------------+-------------------+-------------+-------------+---------------+-------------+----------+----------------+----------+-----------+
| Global Id | Driver Type/Pin | Driver Region (D) | Clock       | Period (ns) | Waveform (ns) | Slice Loads | IO Loads | Clocking Loads | GT Loads | Net       |
+-----------+-----------------+-------------------+-------------+-------------+---------------+-------------+----------+----------------+----------+-----------+
| g2        | BUFG/O          | n/a               | sys_clk_pin |      10.000 | {0.000 5.000} |         128 |        0 |              0 |        0 | i2s2/clk0 |
+-----------+-----------------+-------------------+-------------+-------------+---------------+-------------+----------+----------------+----------+-----------+
* Slice Loads column represents load cell count of all cell types other than IO, GT and clock resources
** IO Loads column represents load cell count of IO types
*** Clocking Loads column represents load cell count that are clock resources (global clock buffer, MMCM, PLL, etc)
**** GT Loads column represents load cell count of GT types


+----+----+------+-----------------------+
|    | X0 | X1   | HORIZONTAL PROG DELAY |
+----+----+------+-----------------------+
| Y2 |  0 |    0 |                     - |
| Y1 |  0 |    2 |                     0 |
| Y0 |  0 |  126 |                     0 |
+----+----+------+-----------------------+


10. Device Cell Placement Summary for Global Clock g3
-----------------------------------------------------

+-----------+-----------------+-------------------+-------+-------------+---------------+-------------+----------+----------------+----------+-------------------+
| Global Id | Driver Type/Pin | Driver Region (D) | Clock | Period (ns) | Waveform (ns) | Slice Loads | IO Loads | Clocking Loads | GT Loads | Net               |
+-----------+-----------------+-------------------+-------+-------------+---------------+-------------+----------+----------------+----------+-------------------+
| g3        | BUFG/O          | n/a               |       |             |               |          25 |        0 |              0 |        0 | addr_counter_BUFG |
+-----------+-----------------+-------------------+-------+-------------+---------------+-------------+----------+----------------+----------+-------------------+
* Slice Loads column represents load cell count of all cell types other than IO, GT and clock resources
** IO Loads column represents load cell count of IO types
*** Clocking Loads column represents load cell count that are clock resources (global clock buffer, MMCM, PLL, etc)
**** GT Loads column represents load cell count of GT types


+----+----+-----+-----------------------+
|    | X0 | X1  | HORIZONTAL PROG DELAY |
+----+----+-----+-----------------------+
| Y2 |  0 |   0 |                     - |
| Y1 |  0 |  23 |                     0 |
| Y0 |  0 |   2 |                     0 |
+----+----+-----+-----------------------+


11. Device Cell Placement Summary for Global Clock g4
-----------------------------------------------------

+-----------+-----------------+-------------------+--------------------+-------------+---------------+-------------+----------+----------------+----------+---------------------------+
| Global Id | Driver Type/Pin | Driver Region (D) | Clock              | Period (ns) | Waveform (ns) | Slice Loads | IO Loads | Clocking Loads | GT Loads | Net                       |
+-----------+-----------------+-------------------+--------------------+-------------+---------------+-------------+----------+----------------+----------+---------------------------+
| g4        | BUFG/O          | n/a               | clk_out2_clk_wiz_0 |       0.980 | {0.490 0.980} |           9 |        0 |              0 |        0 | clock_wiz_0/inst/clk_out2 |
+-----------+-----------------+-------------------+--------------------+-------------+---------------+-------------+----------+----------------+----------+---------------------------+
* Slice Loads column represents load cell count of all cell types other than IO, GT and clock resources
** IO Loads column represents load cell count of IO types
*** Clocking Loads column represents load cell count that are clock resources (global clock buffer, MMCM, PLL, etc)
**** GT Loads column represents load cell count of GT types


+----+----+----+-----------------------+
|    | X0 | X1 | HORIZONTAL PROG DELAY |
+----+----+----+-----------------------+
| Y2 |  0 |  0 |                     - |
| Y1 |  0 |  7 |                     0 |
| Y0 |  0 |  2 |                     0 |
+----+----+----+-----------------------+


12. Device Cell Placement Summary for Global Clock g5
-----------------------------------------------------

+-----------+-----------------+-------------------+--------------------+-------------+----------------+-------------+----------+----------------+----------+---------------------------+
| Global Id | Driver Type/Pin | Driver Region (D) | Clock              | Period (ns) | Waveform (ns)  | Slice Loads | IO Loads | Clocking Loads | GT Loads | Net                       |
+-----------+-----------------+-------------------+--------------------+-------------+----------------+-------------+----------+----------------+----------+---------------------------+
| g5        | BUFG/O          | n/a               | clk_out1_clk_wiz_0 |      81.373 | {0.000 40.686} |           1 |        0 |              0 |        0 | clock_wiz_0/inst/clk_out1 |
+-----------+-----------------+-------------------+--------------------+-------------+----------------+-------------+----------+----------------+----------+---------------------------+
* Slice Loads column represents load cell count of all cell types other than IO, GT and clock resources
** IO Loads column represents load cell count of IO types
*** Clocking Loads column represents load cell count that are clock resources (global clock buffer, MMCM, PLL, etc)
**** GT Loads column represents load cell count of GT types


+----+----+----+-----------------------+
|    | X0 | X1 | HORIZONTAL PROG DELAY |
+----+----+----+-----------------------+
| Y2 |  0 |  0 |                     - |
| Y1 |  0 |  0 |                     - |
| Y0 |  0 |  1 |                     0 |
+----+----+----+-----------------------+


13. Clock Region Cell Placement per Global Clock: Region X0Y0
-------------------------------------------------------------

+-----------+-------+-----------------+------------+-------------+-----------------+----+-------------+------+-----+----+------+-----+---------+--------------------+
| Global Id | Track | Driver Type/Pin | Constraint | Clock Loads | Non-Clock Loads | FF | Memory LUTs | RAMB | DSP | GT | MMCM | PLL | Hard IP | Net                |
+-----------+-------+-----------------+------------+-------------+-----------------+----+-------------+------+-----+----+------+-----+---------+--------------------+
| g1        | n/a   | BUFG/O          | None       |          12 |               1 |  8 |           0 |    0 |   0 |  0 |    0 |   0 |       0 | JC_IBUF__0_BUFG[3] |
+-----------+-------+-----------------+------------+-------------+-----------------+----+-------------+------+-----+----+------+-----+---------+--------------------+
* Clock Loads column represents cell count of net connects that connect to a clock pin. Internal cell leaf pins are not considered
** Non-Clock Loads column represents cell count of non-clock pin loads
*** Columns FF, LUTRAM, RAMB through 'Hard IP' represents load cell counts


14. Clock Region Cell Placement per Global Clock: Region X1Y0
-------------------------------------------------------------

+-----------+-------+-----------------+------------+-------------+-----------------+-----+-------------+------+-----+----+------+-----+---------+---------------------------+
| Global Id | Track | Driver Type/Pin | Constraint | Clock Loads | Non-Clock Loads | FF  | Memory LUTs | RAMB | DSP | GT | MMCM | PLL | Hard IP | Net                       |
+-----------+-------+-----------------+------------+-------------+-----------------+-----+-------------+------+-----+----+------+-----+---------+---------------------------+
| g0        | n/a   | BUFG/O          | None       |          69 |               1 |  67 |           0 |    1 |   0 |  0 |    0 |   1 |       0 | CLK100MHZ_IBUF_BUFG       |
| g1        | n/a   | BUFG/O          | None       |          62 |               0 |  61 |           0 |    1 |   0 |  0 |    0 |   0 |       0 | JC_IBUF__0_BUFG[3]        |
| g2        | n/a   | BUFG/O          | None       |         126 |               0 | 126 |           0 |    0 |   0 |  0 |    0 |   0 |       0 | i2s2/clk0                 |
| g3        | n/a   | BUFG/O          | None       |           1 |               1 |   1 |           0 |    0 |   0 |  0 |    0 |   0 |       0 | addr_counter_BUFG         |
| g4        | n/a   | BUFG/O          | None       |           2 |               0 |   1 |           0 |    1 |   0 |  0 |    0 |   0 |       0 | clock_wiz_0/inst/clk_out2 |
| g5        | n/a   | BUFG/O          | None       |           1 |               0 |   1 |           0 |    0 |   0 |  0 |    0 |   0 |       0 | clock_wiz_0/inst/clk_out1 |
+-----------+-------+-----------------+------------+-------------+-----------------+-----+-------------+------+-----+----+------+-----+---------+---------------------------+
* Clock Loads column represents cell count of net connects that connect to a clock pin. Internal cell leaf pins are not considered
** Non-Clock Loads column represents cell count of non-clock pin loads
*** Columns FF, LUTRAM, RAMB through 'Hard IP' represents load cell counts


15. Clock Region Cell Placement per Global Clock: Region X0Y1
-------------------------------------------------------------

+-----------+-------+-----------------+------------+-------------+-----------------+----+-------------+------+-----+----+------+-----+---------+--------------------+
| Global Id | Track | Driver Type/Pin | Constraint | Clock Loads | Non-Clock Loads | FF | Memory LUTs | RAMB | DSP | GT | MMCM | PLL | Hard IP | Net                |
+-----------+-------+-----------------+------------+-------------+-----------------+----+-------------+------+-----+----+------+-----+---------+--------------------+
| g1        | n/a   | BUFG/O          | None       |           0 |               1 |  0 |           0 |    0 |   0 |  0 |    0 |   0 |       0 | JC_IBUF__0_BUFG[3] |
+-----------+-------+-----------------+------------+-------------+-----------------+----+-------------+------+-----+----+------+-----+---------+--------------------+
* Clock Loads column represents cell count of net connects that connect to a clock pin. Internal cell leaf pins are not considered
** Non-Clock Loads column represents cell count of non-clock pin loads
*** Columns FF, LUTRAM, RAMB through 'Hard IP' represents load cell counts


16. Clock Region Cell Placement per Global Clock: Region X1Y1
-------------------------------------------------------------

+-----------+-------+-----------------+------------+-------------+-----------------+-----+-------------+------+-----+----+------+-----+---------+---------------------------+
| Global Id | Track | Driver Type/Pin | Constraint | Clock Loads | Non-Clock Loads | FF  | Memory LUTs | RAMB | DSP | GT | MMCM | PLL | Hard IP | Net                       |
+-----------+-------+-----------------+------------+-------------+-----------------+-----+-------------+------+-----+----+------+-----+---------+---------------------------+
| g0        | n/a   | BUFG/O          | None       |         111 |              12 | 103 |           0 |    4 |   0 |  0 |    0 |   0 |       0 | CLK100MHZ_IBUF_BUFG       |
| g1        | n/a   | BUFG/O          | None       |          69 |               1 |  64 |           0 |    1 |   0 |  0 |    0 |   0 |       0 | JC_IBUF__0_BUFG[3]        |
| g2        | n/a   | BUFG/O          | None       |           2 |               0 |   2 |           0 |    0 |   0 |  0 |    0 |   0 |       0 | i2s2/clk0                 |
| g3        | n/a   | BUFG/O          | None       |          23 |               0 |  23 |           0 |    0 |   0 |  0 |    0 |   0 |       0 | addr_counter_BUFG         |
| g4        | n/a   | BUFG/O          | None       |           7 |               0 |   0 |           0 |    3 |   0 |  0 |    0 |   0 |       0 | clock_wiz_0/inst/clk_out2 |
+-----------+-------+-----------------+------------+-------------+-----------------+-----+-------------+------+-----+----+------+-----+---------+---------------------------+
* Clock Loads column represents cell count of net connects that connect to a clock pin. Internal cell leaf pins are not considered
** Non-Clock Loads column represents cell count of non-clock pin loads
*** Columns FF, LUTRAM, RAMB through 'Hard IP' represents load cell counts



# Location of BUFG Primitives 
set_property LOC BUFGCTRL_X0Y2 [get_cells prev_lr_clk_reg_i_1]
set_property LOC BUFGCTRL_X0Y4 [get_cells clock_wiz_0/inst/clkout2_buf]
set_property LOC BUFGCTRL_X0Y5 [get_cells clock_wiz_0/inst/clkout1_buf]
set_property LOC BUFGCTRL_X0Y3 [get_cells addr_counter_BUFG_inst]
set_property LOC BUFGCTRL_X0Y0 [get_cells JC_IBUF__0_BUFG[3]_inst]
set_property LOC BUFGCTRL_X0Y1 [get_cells CLK100MHZ_IBUF_BUFG_inst]

# Location of IO Primitives which is load of clock spine
set_property LOC IOB_X0Y22 [get_cells JC_OBUF[3]_inst]
set_property LOC IOB_X1Y97 [get_cells JA_OBUF[3]_inst]

# Location of clock ports
set_property LOC IOB_X1Y26 [get_ports CLK100MHZ]

# Clock net "i2s2/clk0" driven by instance "prev_lr_clk_reg_i_1" located at site "BUFGCTRL_X0Y2"
#startgroup
create_pblock {CLKAG_i2s2/clk0}
add_cells_to_pblock [get_pblocks  {CLKAG_i2s2/clk0}] [get_cells -filter { PRIMITIVE_GROUP != I/O && IS_PRIMITIVE==1 && PRIMITIVE_LEVEL !=INTERNAL } -of_object [get_pins -filter {DIRECTION==IN} -of_objects [get_nets -hierarchical -filter {PARENT=="i2s2/clk0"}]]]
resize_pblock [get_pblocks {CLKAG_i2s2/clk0}] -add {CLOCKREGION_X1Y0:CLOCKREGION_X1Y0 CLOCKREGION_X1Y1:CLOCKREGION_X1Y1}
#endgroup

# Clock net "clock_wiz_0/inst/clk_out2" driven by instance "clock_wiz_0/inst/clkout2_buf" located at site "BUFGCTRL_X0Y4"
#startgroup
create_pblock {CLKAG_clock_wiz_0/inst/clk_out2}
add_cells_to_pblock [get_pblocks  {CLKAG_clock_wiz_0/inst/clk_out2}] [get_cells -filter { PRIMITIVE_GROUP != I/O && IS_PRIMITIVE==1 && PRIMITIVE_LEVEL !=INTERNAL } -of_object [get_pins -filter {DIRECTION==IN} -of_objects [get_nets -hierarchical -filter {PARENT=="clock_wiz_0/inst/clk_out2"}]]]
resize_pblock [get_pblocks {CLKAG_clock_wiz_0/inst/clk_out2}] -add {CLOCKREGION_X1Y0:CLOCKREGION_X1Y0 CLOCKREGION_X1Y1:CLOCKREGION_X1Y1}
#endgroup

# Clock net "clock_wiz_0/inst/clk_out1" driven by instance "clock_wiz_0/inst/clkout1_buf" located at site "BUFGCTRL_X0Y5"
#startgroup
create_pblock {CLKAG_clock_wiz_0/inst/clk_out1}
add_cells_to_pblock [get_pblocks  {CLKAG_clock_wiz_0/inst/clk_out1}] [get_cells -filter { PRIMITIVE_GROUP != I/O && IS_PRIMITIVE==1 && PRIMITIVE_LEVEL !=INTERNAL } -of_object [get_pins -filter {DIRECTION==IN} -of_objects [get_nets -hierarchical -filter {PARENT=="clock_wiz_0/inst/clk_out1"}]]]
resize_pblock [get_pblocks {CLKAG_clock_wiz_0/inst/clk_out1}] -add {CLOCKREGION_X1Y0:CLOCKREGION_X1Y0}
#endgroup

# Clock net "addr_counter_BUFG" driven by instance "addr_counter_BUFG_inst" located at site "BUFGCTRL_X0Y3"
#startgroup
create_pblock {CLKAG_addr_counter_BUFG}
add_cells_to_pblock [get_pblocks  {CLKAG_addr_counter_BUFG}] [get_cells -filter { PRIMITIVE_GROUP != I/O && IS_PRIMITIVE==1 && PRIMITIVE_LEVEL !=INTERNAL } -of_object [get_pins -filter {DIRECTION==IN} -of_objects [get_nets -hierarchical -filter {PARENT=="addr_counter_BUFG"}]]]
resize_pblock [get_pblocks {CLKAG_addr_counter_BUFG}] -add {CLOCKREGION_X1Y0:CLOCKREGION_X1Y0 CLOCKREGION_X1Y1:CLOCKREGION_X1Y1}
#endgroup

# Clock net "JC_IBUF__0_BUFG[3]" driven by instance "JC_IBUF__0_BUFG[3]_inst" located at site "BUFGCTRL_X0Y0"
#startgroup
create_pblock {CLKAG_JC_IBUF__0_BUFG[3]}
add_cells_to_pblock [get_pblocks  {CLKAG_JC_IBUF__0_BUFG[3]}] [get_cells -filter { PRIMITIVE_GROUP != I/O && IS_PRIMITIVE==1 && PRIMITIVE_LEVEL !=INTERNAL && NAME!=JC_OBUF[3]_inst && NAME!=JA_OBUF[3]_inst} -of_object [get_pins -filter {DIRECTION==IN} -of_objects [get_nets -hierarchical -filter {PARENT=="JC_IBUF__0_BUFG[3]"}]]]
resize_pblock [get_pblocks {CLKAG_JC_IBUF__0_BUFG[3]}] -add {CLOCKREGION_X0Y0:CLOCKREGION_X0Y0 CLOCKREGION_X0Y1:CLOCKREGION_X0Y1 CLOCKREGION_X1Y0:CLOCKREGION_X1Y0 CLOCKREGION_X1Y1:CLOCKREGION_X1Y1}
#endgroup

# Clock net "CLK100MHZ_IBUF_BUFG" driven by instance "CLK100MHZ_IBUF_BUFG_inst" located at site "BUFGCTRL_X0Y1"
#startgroup
create_pblock {CLKAG_CLK100MHZ_IBUF_BUFG}
add_cells_to_pblock [get_pblocks  {CLKAG_CLK100MHZ_IBUF_BUFG}] [get_cells -filter { PRIMITIVE_GROUP != I/O && IS_PRIMITIVE==1 && PRIMITIVE_LEVEL !=INTERNAL && NAME!=clock_wiz_0/inst/plle2_adv_inst} -of_object [get_pins -filter {DIRECTION==IN} -of_objects [get_nets -hierarchical -filter {PARENT=="CLK100MHZ_IBUF_BUFG"}]]]
resize_pblock [get_pblocks {CLKAG_CLK100MHZ_IBUF_BUFG}] -add {CLOCKREGION_X1Y0:CLOCKREGION_X1Y0 CLOCKREGION_X1Y1:CLOCKREGION_X1Y1}
#endgroup
