
*** Running vivado
    with args -log simple_io.vds -m64 -product Vivado -mode batch -messageDb vivado.pb -notrace -source simple_io.tcl



****** Vivado v2024.1 (64-bit)
  **** SW Build 5076996 on Wed May 22 18:37:14 MDT 2024
  **** IP Build 5075265 on Wed May 22 21:45:21 MDT 2024
  **** SharedData Build 5076995 on Wed May 22 18:29:18 MDT 2024
  **** Start of session at: Sat Feb 15 20:09:10 2025
    ** Copyright 1986-2022 Xilinx, Inc. All Rights Reserved.
    ** Copyright 2022-2024 Advanced Micro Devices, Inc. All Rights Reserved.

source simple_io.tcl -notrace
INFO: [IP_Flow 19-234] Refreshing IP repositories
INFO: [IP_Flow 19-1700] Loaded user IP repository 'c:/Users/arg/Documents/GitHub/FPGA/First_Project'.
WARNING: [IP_Flow 19-3656] If you move the project, the path for repository 'c:/Users/arg/Documents/GitHub/FPGA/First_Project' may become invalid. A better location for the repository would be in a path adjacent to the project. (Current project location is 'c:/Users/arg/Documents/GitHub/FPGA/First_Project/First_Project.runs/synth_1'.)
INFO: [IP_Flow 19-2313] Loaded Vivado IP repository 'C:/Xilinx/Vivado/2024.1/data/ip'.
Command: read_checkpoint -auto_incremental -incremental C:/Users/arg/Documents/GitHub/FPGA/First_Project/First_Project.srcs/utils_1/imports/synth_1/simple_io.dcp
INFO: [Vivado 12-5825] Read reference checkpoint from C:/Users/arg/Documents/GitHub/FPGA/First_Project/First_Project.srcs/utils_1/imports/synth_1/simple_io.dcp for incremental synthesis
INFO: [Vivado 12-7989] Please ensure there are no constraint changes
Command: synth_design -top simple_io -part xc7a35tcpg236-1
Starting synth_design
Attempting to get a license for feature 'Synthesis' and/or device 'xc7a35t'
INFO: [Common 17-349] Got license for feature 'Synthesis' and/or device 'xc7a35t'
INFO: [Device 21-403] Loading part xc7a35tcpg236-1
INFO: [Device 21-9227] Part: xc7a35tcpg236-1 does not have CEAM library.
INFO: [Designutils 20-5440] No compile time benefit to using incremental synthesis; A full resynthesis will be run
INFO: [Designutils 20-4379] Flow is switching to default flow due to incremental criteria not met. If you would like to alter this behaviour and have the flow terminate instead, please set the following parameter config_implementation {autoIncr.Synth.RejectBehavior Terminate}
INFO: [Synth 8-7079] Multithreading enabled for synth_design using a maximum of 2 processes.
INFO: [Synth 8-7078] Launching helper process for spawning children vivado processes
INFO: [Synth 8-7075] Helper process launched with PID 55796
---------------------------------------------------------------------------------
Starting RTL Elaboration : Time (s): cpu = 00:00:03 ; elapsed = 00:00:03 . Memory (MB): peak = 1455.496 ; gain = 449.207
---------------------------------------------------------------------------------
INFO: [Synth 8-6157] synthesizing module 'simple_io' [C:/Users/arg/Documents/GitHub/FPGA/First_Project/First_Project.srcs/sources_1/new/simple_io.v:23]
INFO: [Synth 8-6157] synthesizing module 'clk_wiz_0' [C:/Users/arg/Documents/GitHub/FPGA/First_Project/First_Project.runs/synth_1/.Xil/Vivado-53696-DEKTOP-MOV670/realtime/clk_wiz_0_stub.v:6]
INFO: [Synth 8-6155] done synthesizing module 'clk_wiz_0' (0#1) [C:/Users/arg/Documents/GitHub/FPGA/First_Project/First_Project.runs/synth_1/.Xil/Vivado-53696-DEKTOP-MOV670/realtime/clk_wiz_0_stub.v:6]
INFO: [Synth 8-6157] synthesizing module 'ram' [C:/Users/arg/Documents/GitHub/FPGA/First_Project/First_Project.srcs/sources_1/new/ram.v:23]
INFO: [Synth 8-6157] synthesizing module 'blk_mem_gen_0' [C:/Users/arg/Documents/GitHub/FPGA/First_Project/First_Project.runs/synth_1/.Xil/Vivado-53696-DEKTOP-MOV670/realtime/blk_mem_gen_0_stub.v:6]
INFO: [Synth 8-6155] done synthesizing module 'blk_mem_gen_0' (0#1) [C:/Users/arg/Documents/GitHub/FPGA/First_Project/First_Project.runs/synth_1/.Xil/Vivado-53696-DEKTOP-MOV670/realtime/blk_mem_gen_0_stub.v:6]
INFO: [Synth 8-6155] done synthesizing module 'ram' (0#1) [C:/Users/arg/Documents/GitHub/FPGA/First_Project/First_Project.srcs/sources_1/new/ram.v:23]
INFO: [Synth 8-6155] done synthesizing module 'simple_io' (0#1) [C:/Users/arg/Documents/GitHub/FPGA/First_Project/First_Project.srcs/sources_1/new/simple_io.v:23]
WARNING: [Synth 8-3848] Net web in module/entity ram does not have driver. [C:/Users/arg/Documents/GitHub/FPGA/First_Project/First_Project.srcs/sources_1/new/ram.v:53]
WARNING: [Synth 8-3848] Net dinb in module/entity ram does not have driver. [C:/Users/arg/Documents/GitHub/FPGA/First_Project/First_Project.srcs/sources_1/new/ram.v:51]
WARNING: [Synth 8-3848] Net vauxp15 in module/entity simple_io does not have driver. [C:/Users/arg/Documents/GitHub/FPGA/First_Project/First_Project.srcs/sources_1/new/simple_io.v:30]
WARNING: [Synth 8-7129] Port vauxp15 in module simple_io is either unconnected or has no load
WARNING: [Synth 8-7129] Port JA[7] in module simple_io is either unconnected or has no load
WARNING: [Synth 8-7129] Port JA[6] in module simple_io is either unconnected or has no load
WARNING: [Synth 8-7129] Port JA[2] in module simple_io is either unconnected or has no load
WARNING: [Synth 8-7129] Port JC[7] in module simple_io is either unconnected or has no load
WARNING: [Synth 8-7129] Port JC[6] in module simple_io is either unconnected or has no load
WARNING: [Synth 8-7129] Port JC[2] in module simple_io is either unconnected or has no load
---------------------------------------------------------------------------------
Finished RTL Elaboration : Time (s): cpu = 00:00:04 ; elapsed = 00:00:04 . Memory (MB): peak = 1567.773 ; gain = 561.484
---------------------------------------------------------------------------------
---------------------------------------------------------------------------------
Start Handling Custom Attributes
---------------------------------------------------------------------------------
---------------------------------------------------------------------------------
Finished Handling Custom Attributes : Time (s): cpu = 00:00:04 ; elapsed = 00:00:04 . Memory (MB): peak = 1567.773 ; gain = 561.484
---------------------------------------------------------------------------------
---------------------------------------------------------------------------------
Finished RTL Optimization Phase 1 : Time (s): cpu = 00:00:04 ; elapsed = 00:00:04 . Memory (MB): peak = 1567.773 ; gain = 561.484
---------------------------------------------------------------------------------
Netlist sorting complete. Time (s): cpu = 00:00:00 ; elapsed = 00:00:00.003 . Memory (MB): peak = 1567.773 ; gain = 0.000
WARNING: [Netlist 29-1115] Found multi-term driver net: JC[3].
INFO: [Project 1-570] Preparing netlist for logic optimization

Processing XDC Constraints
Initializing timing engine
Parsing XDC File [c:/Users/arg/Documents/GitHub/FPGA/First_Project/First_Project.gen/sources_1/ip/clk_wiz_0/clk_wiz_0/clk_wiz_0_in_context.xdc] for cell 'clock_wiz_0'
Finished Parsing XDC File [c:/Users/arg/Documents/GitHub/FPGA/First_Project/First_Project.gen/sources_1/ip/clk_wiz_0/clk_wiz_0/clk_wiz_0_in_context.xdc] for cell 'clock_wiz_0'
Parsing XDC File [c:/Users/arg/Documents/GitHub/FPGA/First_Project/First_Project.gen/sources_1/ip/blk_mem_gen_0/blk_mem_gen_0/blk_mem_gen_0_in_context.xdc] for cell 'ram1/bram0'
Finished Parsing XDC File [c:/Users/arg/Documents/GitHub/FPGA/First_Project/First_Project.gen/sources_1/ip/blk_mem_gen_0/blk_mem_gen_0/blk_mem_gen_0_in_context.xdc] for cell 'ram1/bram0'
Parsing XDC File [c:/Users/arg/Documents/GitHub/FPGA/First_Project/First_Project.gen/sources_1/ip/blk_mem_gen_0/blk_mem_gen_0/blk_mem_gen_0_in_context.xdc] for cell 'ram1/bram1'
Finished Parsing XDC File [c:/Users/arg/Documents/GitHub/FPGA/First_Project/First_Project.gen/sources_1/ip/blk_mem_gen_0/blk_mem_gen_0/blk_mem_gen_0_in_context.xdc] for cell 'ram1/bram1'
Parsing XDC File [c:/Users/arg/Documents/GitHub/FPGA/First_Project/First_Project.gen/sources_1/ip/blk_mem_gen_0/blk_mem_gen_0/blk_mem_gen_0_in_context.xdc] for cell 'ram1/bram2'
Finished Parsing XDC File [c:/Users/arg/Documents/GitHub/FPGA/First_Project/First_Project.gen/sources_1/ip/blk_mem_gen_0/blk_mem_gen_0/blk_mem_gen_0_in_context.xdc] for cell 'ram1/bram2'
Parsing XDC File [c:/Users/arg/Documents/GitHub/FPGA/First_Project/First_Project.gen/sources_1/ip/blk_mem_gen_0/blk_mem_gen_0/blk_mem_gen_0_in_context.xdc] for cell 'ram1/bram3'
Finished Parsing XDC File [c:/Users/arg/Documents/GitHub/FPGA/First_Project/First_Project.gen/sources_1/ip/blk_mem_gen_0/blk_mem_gen_0/blk_mem_gen_0_in_context.xdc] for cell 'ram1/bram3'
Parsing XDC File [c:/Users/arg/Documents/GitHub/FPGA/First_Project/First_Project.gen/sources_1/ip/blk_mem_gen_0/blk_mem_gen_0/blk_mem_gen_0_in_context.xdc] for cell 'ram1/bram4'
Finished Parsing XDC File [c:/Users/arg/Documents/GitHub/FPGA/First_Project/First_Project.gen/sources_1/ip/blk_mem_gen_0/blk_mem_gen_0/blk_mem_gen_0_in_context.xdc] for cell 'ram1/bram4'
Parsing XDC File [c:/Users/arg/Documents/GitHub/FPGA/First_Project/First_Project.gen/sources_1/ip/blk_mem_gen_0/blk_mem_gen_0/blk_mem_gen_0_in_context.xdc] for cell 'ram1/bram5'
Finished Parsing XDC File [c:/Users/arg/Documents/GitHub/FPGA/First_Project/First_Project.gen/sources_1/ip/blk_mem_gen_0/blk_mem_gen_0/blk_mem_gen_0_in_context.xdc] for cell 'ram1/bram5'
Parsing XDC File [c:/Users/arg/Documents/GitHub/FPGA/First_Project/First_Project.gen/sources_1/ip/blk_mem_gen_0/blk_mem_gen_0/blk_mem_gen_0_in_context.xdc] for cell 'ram1/bram6'
Finished Parsing XDC File [c:/Users/arg/Documents/GitHub/FPGA/First_Project/First_Project.gen/sources_1/ip/blk_mem_gen_0/blk_mem_gen_0/blk_mem_gen_0_in_context.xdc] for cell 'ram1/bram6'
Parsing XDC File [c:/Users/arg/Documents/GitHub/FPGA/First_Project/First_Project.gen/sources_1/ip/blk_mem_gen_0/blk_mem_gen_0/blk_mem_gen_0_in_context.xdc] for cell 'ram1/bram7'
Finished Parsing XDC File [c:/Users/arg/Documents/GitHub/FPGA/First_Project/First_Project.gen/sources_1/ip/blk_mem_gen_0/blk_mem_gen_0/blk_mem_gen_0_in_context.xdc] for cell 'ram1/bram7'
Parsing XDC File [c:/Users/arg/Documents/GitHub/FPGA/First_Project/First_Project.gen/sources_1/ip/blk_mem_gen_0/blk_mem_gen_0/blk_mem_gen_0_in_context.xdc] for cell 'ram1/bram8'
Finished Parsing XDC File [c:/Users/arg/Documents/GitHub/FPGA/First_Project/First_Project.gen/sources_1/ip/blk_mem_gen_0/blk_mem_gen_0/blk_mem_gen_0_in_context.xdc] for cell 'ram1/bram8'
Parsing XDC File [c:/Users/arg/Documents/GitHub/FPGA/First_Project/First_Project.gen/sources_1/ip/blk_mem_gen_0/blk_mem_gen_0/blk_mem_gen_0_in_context.xdc] for cell 'ram1/bram9'
Finished Parsing XDC File [c:/Users/arg/Documents/GitHub/FPGA/First_Project/First_Project.gen/sources_1/ip/blk_mem_gen_0/blk_mem_gen_0/blk_mem_gen_0_in_context.xdc] for cell 'ram1/bram9'
Parsing XDC File [c:/Users/arg/Documents/GitHub/FPGA/First_Project/First_Project.gen/sources_1/ip/blk_mem_gen_0/blk_mem_gen_0/blk_mem_gen_0_in_context.xdc] for cell 'ram1/bram10'
Finished Parsing XDC File [c:/Users/arg/Documents/GitHub/FPGA/First_Project/First_Project.gen/sources_1/ip/blk_mem_gen_0/blk_mem_gen_0/blk_mem_gen_0_in_context.xdc] for cell 'ram1/bram10'
Parsing XDC File [c:/Users/arg/Documents/GitHub/FPGA/First_Project/First_Project.gen/sources_1/ip/blk_mem_gen_0/blk_mem_gen_0/blk_mem_gen_0_in_context.xdc] for cell 'ram1/bram11'
Finished Parsing XDC File [c:/Users/arg/Documents/GitHub/FPGA/First_Project/First_Project.gen/sources_1/ip/blk_mem_gen_0/blk_mem_gen_0/blk_mem_gen_0_in_context.xdc] for cell 'ram1/bram11'
Parsing XDC File [c:/Users/arg/Documents/GitHub/FPGA/First_Project/First_Project.gen/sources_1/ip/blk_mem_gen_0/blk_mem_gen_0/blk_mem_gen_0_in_context.xdc] for cell 'ram1/bram12'
Finished Parsing XDC File [c:/Users/arg/Documents/GitHub/FPGA/First_Project/First_Project.gen/sources_1/ip/blk_mem_gen_0/blk_mem_gen_0/blk_mem_gen_0_in_context.xdc] for cell 'ram1/bram12'
Parsing XDC File [c:/Users/arg/Documents/GitHub/FPGA/First_Project/First_Project.gen/sources_1/ip/blk_mem_gen_0/blk_mem_gen_0/blk_mem_gen_0_in_context.xdc] for cell 'ram1/bram13'
Finished Parsing XDC File [c:/Users/arg/Documents/GitHub/FPGA/First_Project/First_Project.gen/sources_1/ip/blk_mem_gen_0/blk_mem_gen_0/blk_mem_gen_0_in_context.xdc] for cell 'ram1/bram13'
Parsing XDC File [c:/Users/arg/Documents/GitHub/FPGA/First_Project/First_Project.gen/sources_1/ip/blk_mem_gen_0/blk_mem_gen_0/blk_mem_gen_0_in_context.xdc] for cell 'ram1/bram14'
Finished Parsing XDC File [c:/Users/arg/Documents/GitHub/FPGA/First_Project/First_Project.gen/sources_1/ip/blk_mem_gen_0/blk_mem_gen_0/blk_mem_gen_0_in_context.xdc] for cell 'ram1/bram14'
Parsing XDC File [c:/Users/arg/Documents/GitHub/FPGA/First_Project/First_Project.gen/sources_1/ip/blk_mem_gen_0/blk_mem_gen_0/blk_mem_gen_0_in_context.xdc] for cell 'ram1/bram15'
Finished Parsing XDC File [c:/Users/arg/Documents/GitHub/FPGA/First_Project/First_Project.gen/sources_1/ip/blk_mem_gen_0/blk_mem_gen_0/blk_mem_gen_0_in_context.xdc] for cell 'ram1/bram15'
Parsing XDC File [C:/Users/arg/Downloads/Basys3_Master.xdc]
WARNING: [Vivado 12-584] No ports matched 'sw[0]'. [C:/Users/arg/Downloads/Basys3_Master.xdc:12]
WARNING: [Vivado 12-584] No ports matched 'sw[0]'. [C:/Users/arg/Downloads/Basys3_Master.xdc:13]
WARNING: [Vivado 12-584] No ports matched 'sw[1]'. [C:/Users/arg/Downloads/Basys3_Master.xdc:14]
WARNING: [Vivado 12-584] No ports matched 'sw[1]'. [C:/Users/arg/Downloads/Basys3_Master.xdc:15]
CRITICAL WARNING: [Common 17-69] Command failed: Illegal DRIVE value '24' for standard 'LVCMOS33'.  4, 8, 12, 16 [C:/Users/arg/Downloads/Basys3_Master.xdc:171]
CRITICAL WARNING: [Common 17-69] Command failed: Illegal DRIVE value '24' for standard 'LVCMOS33'.  4, 8, 12, 16 [C:/Users/arg/Downloads/Basys3_Master.xdc:219]
Finished Parsing XDC File [C:/Users/arg/Downloads/Basys3_Master.xdc]
WARNING: [Project 1-498] One or more constraints failed evaluation while reading constraint file [C:/Users/arg/Downloads/Basys3_Master.xdc] and the design contains unresolved black boxes. These constraints will be read post-synthesis (as long as their source constraint file is marked as used_in_implementation) and should be applied correctly then. You should review the constraints listed in the file [.Xil/simple_io_propImpl.xdc] and check the run log file to verify that these constraints were correctly applied.
INFO: [Project 1-236] Implementation specific constraints were found while reading constraint file [C:/Users/arg/Downloads/Basys3_Master.xdc]. These constraints will be ignored for synthesis but will be used in implementation. Impacted constraints are listed in the file [.Xil/simple_io_propImpl.xdc].
Resolution: To avoid this warning, move constraints listed in [.Xil/simple_io_propImpl.xdc] to another XDC file and exclude this new file from synthesis with the used_in_synthesis property (File Properties dialog in GUI) and re-run elaboration/synthesis.
Completed Processing XDC Constraints

Netlist sorting complete. Time (s): cpu = 00:00:00 ; elapsed = 00:00:00 . Memory (MB): peak = 1639.414 ; gain = 0.000
INFO: [Project 1-111] Unisim Transformation Summary:
No Unisim elements were transformed.

Constraint Validation Runtime : Time (s): cpu = 00:00:00 ; elapsed = 00:00:00.003 . Memory (MB): peak = 1639.414 ; gain = 0.000
INFO: [Designutils 20-5440] No compile time benefit to using incremental synthesis; A full resynthesis will be run
INFO: [Designutils 20-4379] Flow is switching to default flow due to incremental criteria not met. If you would like to alter this behaviour and have the flow terminate instead, please set the following parameter config_implementation {autoIncr.Synth.RejectBehavior Terminate}
---------------------------------------------------------------------------------
Finished Constraint Validation : Time (s): cpu = 00:00:09 ; elapsed = 00:00:10 . Memory (MB): peak = 1639.414 ; gain = 633.125
---------------------------------------------------------------------------------
---------------------------------------------------------------------------------
Start Loading Part and Timing Information
---------------------------------------------------------------------------------
Loading part: xc7a35tcpg236-1
---------------------------------------------------------------------------------
Finished Loading Part and Timing Information : Time (s): cpu = 00:00:09 ; elapsed = 00:00:10 . Memory (MB): peak = 1639.414 ; gain = 633.125
---------------------------------------------------------------------------------
---------------------------------------------------------------------------------
Start Applying 'set_property' XDC Constraints
---------------------------------------------------------------------------------
Applied set_property IO_BUFFER_TYPE = NONE for CLK100MHZ. (constraint file  c:/Users/arg/Documents/GitHub/FPGA/First_Project/First_Project.gen/sources_1/ip/clk_wiz_0/clk_wiz_0/clk_wiz_0_in_context.xdc, line 4).
Applied set_property CLOCK_BUFFER_TYPE = NONE for CLK100MHZ. (constraint file  c:/Users/arg/Documents/GitHub/FPGA/First_Project/First_Project.gen/sources_1/ip/clk_wiz_0/clk_wiz_0/clk_wiz_0_in_context.xdc, line 5).
Applied set_property KEEP_HIERARCHY = SOFT for clock_wiz_0. (constraint file  auto generated constraint).
Applied set_property KEEP_HIERARCHY = SOFT for ram1/bram0. (constraint file  auto generated constraint).
Applied set_property KEEP_HIERARCHY = SOFT for ram1/bram1. (constraint file  auto generated constraint).
Applied set_property KEEP_HIERARCHY = SOFT for ram1/bram10. (constraint file  auto generated constraint).
Applied set_property KEEP_HIERARCHY = SOFT for ram1/bram11. (constraint file  auto generated constraint).
Applied set_property KEEP_HIERARCHY = SOFT for ram1/bram12. (constraint file  auto generated constraint).
Applied set_property KEEP_HIERARCHY = SOFT for ram1/bram13. (constraint file  auto generated constraint).
Applied set_property KEEP_HIERARCHY = SOFT for ram1/bram14. (constraint file  auto generated constraint).
Applied set_property KEEP_HIERARCHY = SOFT for ram1/bram15. (constraint file  auto generated constraint).
Applied set_property KEEP_HIERARCHY = SOFT for ram1/bram2. (constraint file  auto generated constraint).
Applied set_property KEEP_HIERARCHY = SOFT for ram1/bram3. (constraint file  auto generated constraint).
Applied set_property KEEP_HIERARCHY = SOFT for ram1/bram4. (constraint file  auto generated constraint).
Applied set_property KEEP_HIERARCHY = SOFT for ram1/bram5. (constraint file  auto generated constraint).
Applied set_property KEEP_HIERARCHY = SOFT for ram1/bram6. (constraint file  auto generated constraint).
Applied set_property KEEP_HIERARCHY = SOFT for ram1/bram7. (constraint file  auto generated constraint).
Applied set_property KEEP_HIERARCHY = SOFT for ram1/bram8. (constraint file  auto generated constraint).
Applied set_property KEEP_HIERARCHY = SOFT for ram1/bram9. (constraint file  auto generated constraint).
---------------------------------------------------------------------------------
Finished applying 'set_property' XDC Constraints : Time (s): cpu = 00:00:09 ; elapsed = 00:00:10 . Memory (MB): peak = 1639.414 ; gain = 633.125
---------------------------------------------------------------------------------
---------------------------------------------------------------------------------
Finished RTL Optimization Phase 2 : Time (s): cpu = 00:00:10 ; elapsed = 00:00:10 . Memory (MB): peak = 1639.414 ; gain = 633.125
---------------------------------------------------------------------------------
---------------------------------------------------------------------------------
Start RTL Component Statistics 
---------------------------------------------------------------------------------
Detailed RTL Component Info : 
+---Adders : 
	   2 Input   12 Bit       Adders := 17    
+---Registers : 
	               12 Bit    Registers := 1     
	                1 Bit    Registers := 9     
---------------------------------------------------------------------------------
Finished RTL Component Statistics 
---------------------------------------------------------------------------------
---------------------------------------------------------------------------------
Start Part Resource Summary
---------------------------------------------------------------------------------
Part Resources:
DSPs: 90 (col length:60)
BRAMs: 100 (col length: RAMB18 60 RAMB36 30)
---------------------------------------------------------------------------------
Finished Part Resource Summary
---------------------------------------------------------------------------------
---------------------------------------------------------------------------------
Start Cross Boundary and Area Optimization
---------------------------------------------------------------------------------
WARNING: [Synth 8-7080] Parallel synthesis criteria is not met
WARNING: [Synth 8-7129] Port vauxp15 in module simple_io is either unconnected or has no load
WARNING: [Synth 8-7129] Port JA[7] in module simple_io is either unconnected or has no load
WARNING: [Synth 8-7129] Port JA[6] in module simple_io is either unconnected or has no load
WARNING: [Synth 8-7129] Port JA[2] in module simple_io is either unconnected or has no load
WARNING: [Synth 8-7129] Port JC[7] in module simple_io is either unconnected or has no load
WARNING: [Synth 8-7129] Port JC[6] in module simple_io is either unconnected or has no load
WARNING: [Synth 8-7129] Port JC[2] in module simple_io is either unconnected or has no load
---------------------------------------------------------------------------------
Finished Cross Boundary and Area Optimization : Time (s): cpu = 00:00:11 ; elapsed = 00:00:11 . Memory (MB): peak = 1639.414 ; gain = 633.125
---------------------------------------------------------------------------------
---------------------------------------------------------------------------------
Start Applying XDC Timing Constraints
---------------------------------------------------------------------------------
---------------------------------------------------------------------------------
Finished Applying XDC Timing Constraints : Time (s): cpu = 00:00:14 ; elapsed = 00:00:14 . Memory (MB): peak = 1639.414 ; gain = 633.125
---------------------------------------------------------------------------------
---------------------------------------------------------------------------------
Start Timing Optimization
---------------------------------------------------------------------------------
---------------------------------------------------------------------------------
Finished Timing Optimization : Time (s): cpu = 00:00:14 ; elapsed = 00:00:14 . Memory (MB): peak = 1639.414 ; gain = 633.125
---------------------------------------------------------------------------------
---------------------------------------------------------------------------------
Start Technology Mapping
---------------------------------------------------------------------------------
---------------------------------------------------------------------------------
Finished Technology Mapping : Time (s): cpu = 00:00:14 ; elapsed = 00:00:14 . Memory (MB): peak = 1639.414 ; gain = 633.125
---------------------------------------------------------------------------------
---------------------------------------------------------------------------------
Start IO Insertion
---------------------------------------------------------------------------------
---------------------------------------------------------------------------------
Start Flattening Before IO Insertion
---------------------------------------------------------------------------------
---------------------------------------------------------------------------------
Finished Flattening Before IO Insertion
---------------------------------------------------------------------------------
---------------------------------------------------------------------------------
Start Final Netlist Cleanup
---------------------------------------------------------------------------------
---------------------------------------------------------------------------------
Finished Final Netlist Cleanup
---------------------------------------------------------------------------------
CRITICAL WARNING: [Synth 8-6030] Inout pin 'JA[1]' is read and/or written without using tristate logic. Proper direction of connection may be wrongly inferred. Please use specific direction to avoid any incorrect logic issue [C:/Users/arg/Documents/GitHub/FPGA/First_Project/First_Project.srcs/sources_1/new/simple_io.v:23]
---------------------------------------------------------------------------------
Finished IO Insertion : Time (s): cpu = 00:00:17 ; elapsed = 00:00:17 . Memory (MB): peak = 1639.414 ; gain = 633.125
---------------------------------------------------------------------------------
---------------------------------------------------------------------------------
Start Renaming Generated Instances
---------------------------------------------------------------------------------
---------------------------------------------------------------------------------
Finished Renaming Generated Instances : Time (s): cpu = 00:00:17 ; elapsed = 00:00:17 . Memory (MB): peak = 1639.414 ; gain = 633.125
---------------------------------------------------------------------------------
---------------------------------------------------------------------------------
Start Rebuilding User Hierarchy
---------------------------------------------------------------------------------
---------------------------------------------------------------------------------
Finished Rebuilding User Hierarchy : Time (s): cpu = 00:00:17 ; elapsed = 00:00:17 . Memory (MB): peak = 1639.414 ; gain = 633.125
---------------------------------------------------------------------------------
---------------------------------------------------------------------------------
Start Renaming Generated Ports
---------------------------------------------------------------------------------
---------------------------------------------------------------------------------
Finished Renaming Generated Ports : Time (s): cpu = 00:00:17 ; elapsed = 00:00:17 . Memory (MB): peak = 1639.414 ; gain = 633.125
---------------------------------------------------------------------------------
---------------------------------------------------------------------------------
Start Handling Custom Attributes
---------------------------------------------------------------------------------
---------------------------------------------------------------------------------
Finished Handling Custom Attributes : Time (s): cpu = 00:00:17 ; elapsed = 00:00:17 . Memory (MB): peak = 1639.414 ; gain = 633.125
---------------------------------------------------------------------------------
---------------------------------------------------------------------------------
Start Renaming Generated Nets
---------------------------------------------------------------------------------
---------------------------------------------------------------------------------
Finished Renaming Generated Nets : Time (s): cpu = 00:00:17 ; elapsed = 00:00:17 . Memory (MB): peak = 1639.414 ; gain = 633.125
---------------------------------------------------------------------------------
---------------------------------------------------------------------------------
Start Writing Synthesis Report
---------------------------------------------------------------------------------

Report BlackBoxes: 
+------+--------------+----------+
|      |BlackBox name |Instances |
+------+--------------+----------+
|1     |clk_wiz_0     |         1|
|2     |blk_mem_gen_0 |        16|
+------+--------------+----------+

Report Cell Usage: 
+------+--------------+------+
|      |Cell          |Count |
+------+--------------+------+
|1     |blk_mem_gen   |     1|
|2     |blk_mem_gen_0 |    15|
|17    |clk_wiz       |     1|
|18    |BUFG          |     1|
|19    |CARRY4        |     6|
|20    |LUT1          |    11|
|21    |FDRE          |    33|
|22    |IBUF          |     8|
|23    |OBUF          |    13|
|24    |OBUFT         |     1|
+------+--------------+------+
---------------------------------------------------------------------------------
Finished Writing Synthesis Report : Time (s): cpu = 00:00:17 ; elapsed = 00:00:17 . Memory (MB): peak = 1639.414 ; gain = 633.125
---------------------------------------------------------------------------------
Synthesis finished with 0 errors, 1 critical warnings and 8 warnings.
Synthesis Optimization Runtime : Time (s): cpu = 00:00:12 ; elapsed = 00:00:16 . Memory (MB): peak = 1639.414 ; gain = 561.484
Synthesis Optimization Complete : Time (s): cpu = 00:00:17 ; elapsed = 00:00:17 . Memory (MB): peak = 1639.414 ; gain = 633.125
INFO: [Project 1-571] Translating synthesized netlist
Netlist sorting complete. Time (s): cpu = 00:00:00 ; elapsed = 00:00:00.001 . Memory (MB): peak = 1639.414 ; gain = 0.000
INFO: [Netlist 29-17] Analyzing 6 Unisim elements for replacement
INFO: [Netlist 29-28] Unisim Transformation completed in 0 CPU seconds
INFO: [Project 1-570] Preparing netlist for logic optimization
INFO: [Opt 31-138] Pushed 0 inverter(s) to 0 load pin(s).
Netlist sorting complete. Time (s): cpu = 00:00:00 ; elapsed = 00:00:00 . Memory (MB): peak = 1639.414 ; gain = 0.000
INFO: [Project 1-111] Unisim Transformation Summary:
No Unisim elements were transformed.

Synth Design complete | Checksum: 5e3beb54
INFO: [Common 17-83] Releasing license: Synthesis
33 Infos, 25 Warnings, 3 Critical Warnings and 0 Errors encountered.
synth_design completed successfully
synth_design: Time (s): cpu = 00:00:20 ; elapsed = 00:00:21 . Memory (MB): peak = 1639.414 ; gain = 1031.828
INFO: [runtcl-6] Synthesis results are not added to the cache due to CRITICAL_WARNING
Write ShapeDB Complete: Time (s): cpu = 00:00:00 ; elapsed = 00:00:00.001 . Memory (MB): peak = 1639.414 ; gain = 0.000
INFO: [Common 17-1381] The checkpoint 'C:/Users/arg/Documents/GitHub/FPGA/First_Project/First_Project.runs/synth_1/simple_io.dcp' has been generated.
INFO: [Vivado 12-24828] Executing command : report_utilization -file simple_io_utilization_synth.rpt -pb simple_io_utilization_synth.pb
INFO: [Common 17-206] Exiting Vivado at Sat Feb 15 20:09:37 2025...
