INFO: [VRFC 10-2263] Analyzing Verilog file "C:/Users/arg/Documents/GitHub/FPGA/First_Project/First_Project.sim/sim_1/impl/timing/xsim/testbench_top_level_time_impl.v" into library xil_defaultlib
INFO: [VRFC 10-311] analyzing module clk_wiz_0
INFO: [VRFC 10-311] analyzing module clk_wiz_0_clk_wiz
INFO: [VRFC 10-311] analyzing module fifo_generator_0
INFO: [VRFC 10-311] analyzing module fifo_generator_0_HD2
INFO: [VRFC 10-311] analyzing module fifo_generator_0_xpm_cdc_gray
INFO: [VRFC 10-311] analyzing module fifo_generator_0_xpm_cdc_gray_HD8
INFO: [VRFC 10-311] analyzing module fifo_generator_0_xpm_cdc_gray__2
INFO: [VRFC 10-311] analyzing module fifo_generator_0_xpm_cdc_gray__2_HD9
INFO: [VRFC 10-311] analyzing module fifo_generator_0_xpm_cdc_single
INFO: [VRFC 10-311] analyzing module fifo_generator_0_xpm_cdc_single_HD26
INFO: [VRFC 10-311] analyzing module fifo_generator_0_xpm_cdc_single__2
INFO: [VRFC 10-311] analyzing module fifo_generator_0_xpm_cdc_single__2_HD27
INFO: [VRFC 10-311] analyzing module fifo_generator_0_xpm_cdc_sync_rst
INFO: [VRFC 10-311] analyzing module fifo_generator_0_xpm_cdc_sync_rst_HD28
INFO: [VRFC 10-311] analyzing module fifo_generator_0_xpm_cdc_sync_rst__2
INFO: [VRFC 10-311] analyzing module fifo_generator_0_xpm_cdc_sync_rst__2_HD29
INFO: [VRFC 10-311] analyzing module simple_io
INFO: [VRFC 10-311] analyzing module fifo_generator_0_blk_mem_gen_generic_cstr
INFO: [VRFC 10-311] analyzing module fifo_generator_0_blk_mem_gen_generic_cstr_HD21
INFO: [VRFC 10-311] analyzing module fifo_generator_0_blk_mem_gen_prim_width
INFO: [VRFC 10-311] analyzing module fifo_generator_0_blk_mem_gen_prim_width_HD22
INFO: [VRFC 10-311] analyzing module fifo_generator_0_blk_mem_gen_prim_wrapper_HD23
INFO: [VRFC 10-311] analyzing module fifo_generator_0_blk_mem_gen_top
INFO: [VRFC 10-311] analyzing module fifo_generator_0_blk_mem_gen_top_HD20
INFO: [VRFC 10-311] analyzing module fifo_generator_0_blk_mem_gen_v8_4_8
INFO: [VRFC 10-311] analyzing module fifo_generator_0_blk_mem_gen_v8_4_8_HD18
INFO: [VRFC 10-311] analyzing module fifo_generator_0_blk_mem_gen_v8_4_8_synth
INFO: [VRFC 10-311] analyzing module fifo_generator_0_blk_mem_gen_v8_4_8_synth_HD19
INFO: [VRFC 10-311] analyzing module fifo_generator_0_clk_x_pntrs
INFO: [VRFC 10-311] analyzing module fifo_generator_0_clk_x_pntrs_HD7
INFO: [VRFC 10-311] analyzing module fifo_generator_0_fifo_generator_ramfifo
INFO: [VRFC 10-311] analyzing module fifo_generator_0_fifo_generator_ramfifo_HD6
INFO: [VRFC 10-311] analyzing module fifo_generator_0_fifo_generator_top
INFO: [VRFC 10-311] analyzing module fifo_generator_0_fifo_generator_top_HD5
INFO: [VRFC 10-311] analyzing module fifo_generator_0_fifo_generator_v13_2_10
INFO: [VRFC 10-311] analyzing module fifo_generator_0_fifo_generator_v13_2_10_HD3
INFO: [VRFC 10-311] analyzing module fifo_generator_0_fifo_generator_v13_2_10_synth
INFO: [VRFC 10-311] analyzing module fifo_generator_0_fifo_generator_v13_2_10_synth_HD4
INFO: [VRFC 10-311] analyzing module fifo_generator_0_memory
INFO: [VRFC 10-311] analyzing module fifo_generator_0_memory_HD17
INFO: [VRFC 10-311] analyzing module fifo_generator_0_rd_bin_cntr
INFO: [VRFC 10-311] analyzing module fifo_generator_0_rd_bin_cntr_HD12
INFO: [VRFC 10-311] analyzing module fifo_generator_0_rd_logic
INFO: [VRFC 10-311] analyzing module fifo_generator_0_rd_logic_HD10
INFO: [VRFC 10-311] analyzing module fifo_generator_0_rd_status_flags_as
INFO: [VRFC 10-311] analyzing module fifo_generator_0_rd_status_flags_as_HD11
INFO: [VRFC 10-311] analyzing module fifo_generator_0_reset_blk_ramfifo
INFO: [VRFC 10-311] analyzing module fifo_generator_0_reset_blk_ramfifo_HD24
INFO: [VRFC 10-311] analyzing module fifo_generator_0_wr_bin_cntr
INFO: [VRFC 10-311] analyzing module fifo_generator_0_wr_bin_cntr_HD16
INFO: [VRFC 10-311] analyzing module fifo_generator_0_wr_logic
INFO: [VRFC 10-311] analyzing module fifo_generator_0_wr_logic_HD13
INFO: [VRFC 10-311] analyzing module fifo_generator_0_wr_status_flags_as
INFO: [VRFC 10-311] analyzing module fifo_generator_0_wr_status_flags_as_HD15
INFO: [VRFC 10-311] analyzing module glbl
INFO: [VRFC 10-2263] Analyzing Verilog file "C:/Users/arg/Documents/GitHub/FPGA/First_Project/First_Project.srcs/sim_1/new/testbench_top_level.v" into library xil_defaultlib
INFO: [VRFC 10-311] analyzing module testbench_top_level
